     1                                  USE32
     2                                  GLOBAL init32
     3                                  GLOBAL start32_launcher
     4                                  %include "inc/processor-flags.h" 
     1                              <1> %define X86_CR0_PE      0x00000001 ;/* Protectede mode enable*/
     2                              <1> %define X86_CR0_MP      0x00000002 ;/* Monitor coProcessor*/
     3                              <1> %define X86_CR0_EM      0x00000004 ;/* Emulation*/
     4                              <1> %define X86_CR0_TS      0x00000008 ;/* Task Switched*/
     5                              <1> %define X86_CR0_ET      0x00000010 ;/* Extension Type*/
     6                              <1> %define X86_CR0_NE      0x00000020 ;/* Numeric Error*/
     7                              <1> %define X86_CR0_WP      0x00010000 ;/* Write Protect*/
     8                              <1> %define X86_CR0_AM      0x00040000 ;/* Alignment Mask*/
     9                              <1> %define X86_CR0_NW      0x20000000 ;/* Not Write-through*/
    10                              <1> %define X86_CR0_CD      0x40000000 ;/* Cache Disable*/
    11                              <1> %define X86_CR0_PG      0x80000000 ;/* PaGine*/
     5                                  
     6                                  SECTION .init32
     7                                  
     8                                  EXTERN  DS_SEL
     9                                  EXTERN  __STACK_END_32
    10                                  EXTERN  __STACK_SIZE_32
    11                                  EXTERN  CS_SEL_32
    12                                  EXTERN  kernel32_init
    13                                  EXTERN  __KERNEL_32_LMA
    14                                  EXTERN  __codigo_kernel32_size
    15                                  EXTERN  __fast_memcpy
    16                                  EXTERN  __fast_memcpy_rom
    17                                  EXTERN  kernel32_code_size
    18                                  EXTERN  __functions_size
    19                                  EXTERN  __FUNCTIONS_LMA
    20                                  EXTERN  __KERNEL_32_VMA
    21                                  EXTERN  __FUNCTIONS_VMA
    22                                  
    23                                  EXTERN __SYS_TABLES_GDT
    24                                  EXTERN __SYS_TABLES_LMA
    25                                  
    26                                  EXTERN  __sys_size
    27                                  
    28                                  EXTERN init_pic
    29                                  EXTERN init_IDT
    30                                  EXTERN _idtr
    31                                  KeyBoard_IRQ equ 0x01
    32                                  
    33                                   
    34                                  
    35                                  
    36                                  init32:
    37                                  
    38                                  
    39                                  
    40                                  start32_launcher:
    41                                  
    42                                  
    43                                      ;xchg bx,bx
    44                                      ;Selectors init
    45 00000000 66B8[0000]                  mov ax, DS_SEL
    46 00000004 8ED8                        mov ds, ax
    47 00000006 8EC0                        mov es, ax
    48 00000008 8EE8                        mov gs, ax
    49 0000000A 8EE0                        mov fs, ax
    50                                  
    51                                      ;Stack init
    52 0000000C 8ED0                        mov ss,ax
    53 0000000E BC[00000000]                mov esp,__STACK_END_32
    54 00000013 31C0                        xor eax,eax
    55                                  
    56                                      ;limpio la pila
    57 00000015 B9[00000000]                mov ecx,__STACK_SIZE_32   
    58                                      .stack_init:
    59 0000001A 50                              push eax
    60 0000001B E2FD                            loop .stack_init
    61 0000001D BC[00000000]                mov esp,__STACK_END_32
    62                                  
    63                                      ;Start copying from ROM -> RAM.
    64                                  
    65                                   
    66 00000022 55                          push ebp
    67 00000023 89E5                        mov ebp,esp
    68                                      ;enter
    69 00000025 68[00000000]                push __functions_size; 0x3c __functions_size
    70 0000002A 68[00000000]                push __FUNCTIONS_VMA
    71 0000002F 68[00000000]                push __FUNCTIONS_LMA ; 0xFFFF1000 __FUNCTIONS_LMA
    72 00000034 E8(00000000)                call __fast_memcpy_rom
    73 00000039 C9                          leave
    74 0000003A 83F801                      cmp eax,1
    75 0000003D 754B                        jne .halteo
    76                                  
    77                                  
    78                                      ;desempaqueto la rom
    79 0000003F 55                          push ebp
    80 00000040 89E5                        mov ebp,esp
    81 00000042 68[00000000]                push __codigo_kernel32_size; 0x0000000000300000 __codigo_kernel32_size
    82 00000047 68[00000000]                push __KERNEL_32_VMA;__KERNEL_32_VMA
    83 0000004C 68[00000000]                push __KERNEL_32_LMA;__KERNEL_32_LMA
    84 00000051 E8(00000000)                call __fast_memcpy_rom
    85 00000056 C9                          leave
    86 00000057 83F801                      cmp eax,1
    87 0000005A 752E                        jne .halteo
    88                                  
    89                                      
    90 0000005C 55                          push ebp
    91 0000005D 89E5                        mov ebp,esp
    92                                      ;enter
    93 0000005F 68[00000000]                push  __sys_size; 0x3c __functions_size
    94 00000064 68[00000000]                push __SYS_TABLES_GDT;
    95 00000069 68[00000000]                push __SYS_TABLES_LMA ; 0xFFFF1000 __FUNCTIONS_LMA
    96 0000006E E8(00000000)                call __fast_memcpy
    97 00000073 C9                          leave
    98 00000074 83F801                      cmp eax,1
    99 00000077 7511                        jne .halteo
   100                                  
   101                                  
   102 00000079 E8(00000000)                call init_pic ; Inicializo el PIC
   103                                  
   104                                  
   105                                  
   106 0000007E E8(00000000)                call init_IDT; Inicializo IDT
   107                                  
   108                                  
   109                                  
   110                                  
   111                                  ;Habilito las IRQ de teclado
   112                                      ;xchg bx,bx
   113                                      ;in al,0x14
   114                                      ;xor al,KeyBoard_IRQ
   115                                      ;out 0x14,al
   116                                  
   117                                  
   118                                  
   119                                      
   120 00000083 EA[00000000][0000]          jmp CS_SEL_32:kernel32_init
   121                                  
   122                                      
   123                                  
   124                                  .halteo
   124          ******************       warning: label alone on a line without a colon might be in error [-w+orphan-labels]
   125 0000008A F4                          hlt
   126 0000008B EBFD                        jmp .halteo
