     1                                  section .kernel32
     2                                  USE32
     3                                  GLOBAL kernel32_code_size
     4                                  GLOBAL kernel32_init
     5                                  EXTERN __SYS_TABLES_IDT
     6                                  EXTERN __SYS_TABLES_GDT
     7                                  GDT_LENGTH EQU (4); 4 descriptors of 32kb each one
     8                                  
     9                                  
    10                                  kernel32_code_size EQU (kernel32_end-kernel32_init)
    11                                  
    12 00000000 0F01                    _idtr   dw (34*8)-1
    13 00000002 [00000000]                      dd __SYS_TABLES_IDT
    14                                  
    15 00000006 1F00                    _gdtr   dw (4*8)-1;4 descriptors of 32kb each one
    16 00000008 [00000000]                      dd __SYS_TABLES_GDT
    17                                  
    18                                  kernel32_init:
    19                                  
    20                                  
    21 0000000C 0F011D[00000000]            lidt[_idtr];
    22                                  
    23 00000013 0F0115[06000000]            lgdt [_gdtr]
    24 0000001A 6687DB                      xchg bx,bx
    25 0000001D FB                           sti; PRENDE LAS INTERUPCIONES SINO NO FUNCIONA CAPOOO
    26                                  wait_for_key:
    27 0000001E 90                              nop
    28 0000001F EBFD                            jmp wait_for_key ; Waiting for interrupts endless cycle
    29                                  
    30                                  
    31                                  
    32                                  
    33                                  kernel32_end:
