     1                                  EXTERN  EXCEPTION_DUMMY
     2                                  GLOBAL  CS_SEL_16
     3                                  GLOBAL  CS_SEL_32
     4                                  GLOBAL  DS_SEL
     5                                  GLOBAL  _gdtr
     6                                  GLOBAL _idtr
     7                                  GLOBAL _gdtr_fault
     8                                  
     9                                  SECTION .sys_tables_progbits
    10                                  
    11                                  %define BOOT_SEG 0xF0000
    12                                  EXTERN  EXCEPTION_DUMMY
    13                                  EXTERN __SYS_TABLES_LMA
    14                                  GLOBAL  CS_SEL_16
    15                                  GLOBAL  CS_SEL_32
    16                                  GLOBAL  DS_SEL
    17                                  GLOBAL  _gdtr
    18                                  
    19                                  SECTION .sys_tables_progbits
    20                                  
    21                                  %define BOOT_SEG 0xF0000
    22                                  
    23                                  
    24                                  
    25                                  GDT:
    26                                  NULL_SEL    equ $-GDT
    27 00000000 0000000000000000            dq 0x0
    28                                  CS_SEL_16   equ $-GDT
    29 00000008 FFFF                        dw 0xFFFF           ;Limit 15-0
    30 0000000A 0000                        dw 0x0000         ;Base 15-0
    31 0000000C FF                          db 0xFF         ;Base 23-16
    32 0000000D 99                          db 10011001b         ;Attributes:
    33                                                  ;P
    34                                                  ;DPL
    35                                                  ;S
    36                                                  ;D/C
    37                                                  ;ED/C
    38                                                  ;R/w
    39                                                  ;A
    40 0000000E 40                          db 01000000b         ;Limit
    41                                                  ;G
    42                                                  ;D/B
    43                                                  ;L
    44                                                  ;AVL
    45 0000000F FF                          db 0xFF         ;Base
    46                                  CS_SEL_32   equ $-GDT
    47 00000010 FFFF                        dw 0xFFFF         ;Limit 15-0
    48 00000012 0000                        dw 0x0000         ;Base 15-0
    49 00000014 00                          db 0x00         ;Base 23-16
    50 00000015 99                          db 10011001b         ;Attributes:
    51                                                  ;P
    52                                                  ;DPL
    53                                                  ;S
    54                                                  ;D/C
    55                                                  ;ED/C
    56                                                  ;R/w
    57                                                  ;A
    58 00000016 CF                          db 11001111b         ;Limit
    59                                                  ;G
    60                                                  ;D/B
    61                                                  ;L
    62                                                  ;AVL
    63 00000017 00                          db 0x00         ;Base
    64                                  DS_SEL   equ $-GDT
    65 00000018 FFFF                        dw 0xFFFF         ;Limit 15-0
    66 0000001A 0000                        dw 0x0000         ;Base 15-0
    67 0000001C 00                          db 0x00         ;Base 23-16
    68 0000001D 92                          db 10010010b         ;Attributes:
    69                                                  ;P
    70                                                  ;DPL
    71                                                  ;S
    72                                                  ;D/C
    73                                                  ;ED/C
    74                                                  ;R/w
    75                                                  ;A
    76 0000001E CF                          db 11001111b         ;Limit
    77                                                  ;G
    78                                                  ;D/B
    79                                                  ;L
    80                                                  ;AVL
    81 0000001F 00                          db 0x00         ;Base
    82                                  GDT_LENGTH EQU $-GDT
    83                                  
    84                                  
    85                                  _gdtr:
    86 00000020 1F00                        dw GDT_LENGTH-1
    87 00000022 [00000000]                  dd __SYS_TABLES_LMA
    88                                  
    89                                  
    90                                  
    91                                  GLOBAL  CS_SEL_16_FAULT
    92                                  GLOBAL  CS_SEL_32_FAULT
    93                                  GLOBAL  DS_SEL_FAULT
    94                                  
    95                                  GDT_FAULT:
    96                                  
    97                                  CS_SEL_16_FAULT   equ $-GDT_FAULT
    98 00000026 FFFF                        dw 0xFFFF           ;Limit 15-0
    99 00000028 0000                        dw 0x0000         ;Base 15-0
   100 0000002A FF                          db 0xFF         ;Base 23-16
   101 0000002B FF                          db 11111111b         ;Attributes:
   102                                                  ;P
   103                                                  ;DPL
   104                                                  ;S
   105                                                  ;D/C
   106                                                  ;ED/C
   107                                                  ;R/w
   108                                                  ;A
   109 0000002C 40                          db 01000000b         ;Limit
   110                                                  ;G
   111                                                  ;D/B
   112                                                  ;L
   113                                                  ;AVL
   114 0000002D FF                          db 0xFF         ;Base
   115                                  CS_SEL_32_FAULT   equ $-GDT_FAULT
   116 0000002E FFFF                        dw 0xFFFF         ;Limit 15-0
   117 00000030 0000                        dw 0x0000         ;Base 15-0
   118 00000032 00                          db 0x00         ;Base 23-16
   119 00000033 F9                          db 11111001b         ;Attributes:
   120                                                  ;P
   121                                                  ;DPL
   122                                                  ;S
   123                                                  ;D/C
   124                                                  ;ED/C
   125                                                  ;R/w
   126                                                  ;A
   127 00000034 CF                          db 11001111b         ;Limit
   128                                                  ;G
   129                                                  ;D/B
   130                                                  ;L
   131                                                  ;AVL
   132 00000035 00                          db 0x00         ;Base
   133                                  DS_SEL_FAULT   equ $-GDT_FAULT
   134 00000036 FFFF                        dw 0xFFFF         ;Limit 15-0
   135 00000038 0000                        dw 0x0000         ;Base 15-0
   136 0000003A 00                          db 0x00         ;Base 23-16
   137 0000003B FE                          db 11111110b         ;Attributes:
   138                                                  ;P
   139                                                  ;DPL
   140                                                  ;S
   141                                                  ;D/C
   142                                                  ;ED/C
   143                                                  ;R/w
   144                                                  ;A
   145 0000003C CF                          db 11001111b         ;Limit
   146                                                  ;G
   147                                                  ;D/B
   148                                                  ;L
   149                                                  ;AVL
   150 0000003D 00                          db 0x00         ;Base
   151                                  GDT_LENGTH_FAULT EQU $-GDT_FAULT
   152                                  
   153                                  _gdtr_fault:
   154 0000003E 1F00                        dw GDT_LENGTH-1
   155 00000040 FFFFFFFF                    dd 0xFFFFFFFFF
   155          ******************       warning: dword data exceeds bounds [-w+number-overflow]
