     1                                  SECTION .sys_tables_progbits
     2                                  
     3                                  %define BOOT_SEG 0xF0000
     4                                  EXTERN  EXCEPTION_DUMMY
     5                                  EXTERN __SYS_TABLES_LMA
     6                                  GLOBAL  CS_SEL_16
     7                                  GLOBAL  CS_SEL_32
     8                                  GLOBAL CS_SEL_11
     9                                  GLOBAL DS_SEL_11
    10                                  GLOBAL  DS_SEL
    11                                  GLOBAL TSS_SEL
    12                                  GLOBAL gdtr_32
    13                                  GLOBAL gdtr_16
    14                                  
    15                                  SECTION .sys_tables_progbits
    16                                  
    17                                  %define BOOT_SEG 0xF0000
    18                                  
    19                                  
    20                                  
    21                                  GDT:
    22                                  NULL_SEL    equ $-GDT
    23 00000000 0000000000000000            dq 0x0
    24                                  CS_SEL_32   equ $-GDT
    25 00000008 FFFF                        dw 0xFFFF         ;Limit 15-0
    26 0000000A 0000                        dw 0x0000         ;Base 15-0
    27 0000000C 00                          db 0x00         ;Base 23-16
    28 0000000D 99                          db 10011001b         ;Attributes:
    29                                                  ;P
    30                                                  ;DPL
    31                                                  ;S
    32                                                  ;D/C
    33                                                  ;ED/C
    34                                                  ;R/w
    35                                                  ;A
    36 0000000E CF                          db 11001111b         ;Limit
    37                                                  ;G
    38                                                  ;D/B
    39                                                  ;L
    40                                                  ;AVL
    41 0000000F 00                          db 0x00         ;Base
    42                                  DS_SEL   equ $-GDT
    43 00000010 FFFF                        dw 0xFFFF         ;Limit 15-0
    44 00000012 0000                        dw 0x0000         ;Base 15-0
    45 00000014 00                          db 0x00         ;Base 23-16
    46 00000015 92                          db 10010010b         ;Attributes:
    47                                                  ;P
    48                                                  ;DPL
    49                                                  ;S
    50                                                  ;D/C
    51                                                  ;ED/C
    52                                                  ;R/w
    53                                                  ;A
    54 00000016 CF                          db 11001111b         ;Limit
    55                                                  ;G
    56                                                  ;D/B
    57                                                  ;L
    58                                                  ;AVL
    59 00000017 00                          db 0x00         ;Base
    60                                  
    61                                  CS_SEL_11 equ $-GDT          
    62 00000018 FFFF                        dw  0xFFFF               
    63 0000001A 0000                        dw  0                    
    64 0000001C 00                          db  0                    
    65 0000001D FA                          db  0xFA                 
    66 0000001E CF                          db  0xCF                 
    67 0000001F 00                          db  0x00                 
    68                                  
    69                                  DS_SEL_11 equ $-GDT          
    70 00000020 FFFF                        dw  0xFFFF               
    71 00000022 0000                        dw  0                    
    72 00000024 00                          db  0                    
    73 00000025 F2                          db  0xF2                 
    74 00000026 CF                          db  0xCF                 
    75 00000027 00                          db  0x00  
    76                                  
    77                                  TSS_SEL equ $-GDT          
    78 00000028 6700                        dw  0x0067             
    79 0000002A 0010                        dw  0x1000             
    80 0000002C 00                          db  0                  
    81 0000002D 89                          db  10001001b          
    82 0000002E 40                          db  01000000b          
    83 0000002F 00                          db  0                  
    84                                  GDT_LENGTH EQU $-GDT
    85                                  
    86                                  
    87                                  gdtr_32:
    88 00000030 2F00                        dw GDT_LENGTH-1
    89 00000032 [00000000]                  dd GDT
    90                                  
    91                                  
    92                                       
    93                                  
