     1                                  %include "inc/defines.h" 
     1                              <1> 
     2                              <1> %define PORT_A_8042    0x60
     3                              <1> %define CTRL_PORT_8042 0x64
     4                              <1> %define KEYB_DIS       0xAD
     5                              <1> %define KEYB_EN        0xAE
     6                              <1> %define READ_OUT_8042  0xD0
     7                              <1> %define WRITE_OUT_8042 0xD1
     8                              <1> 
     9                              <1> 
    10                              <1> %define _KEY_1     0x02
    11                              <1> %define _KEY_2     0x03
    12                              <1> %define _KEY_3     0x04
    13                              <1> %define _KEY_4     0x05
    14                              <1> %define _KEY_5     0x06
    15                              <1> %define _KEY_6     0x07
    16                              <1> %define _KEY_7     0x08
    17                              <1> %define _KEY_8     0x09
    18                              <1> %define _KEY_9     0x0A
    19                              <1> %define _KEY_0     0x0B
    20                              <1> 
    21                              <1> %define _KEY_ENTER 0x1C
    22                              <1> 
    23                              <1> %define _KEY_A     0x1E
    24                              <1> %define _KEY_B     0x30
    25                              <1> %define _KEY_C     0x2E
    26                              <1> %define _KEY_D     0x20
    27                              <1> %define _KEY_E     0x12
    28                              <1> %define _KEY_F     0x21
    29                              <1> %define _KEY_G     0x22
    30                              <1> %define _KEY_H     0x23
    31                              <1> %define _KEY_I     0x17
    32                              <1> %define _KEY_J     0x24
    33                              <1> %define _KEY_K     0x25
    34                              <1> %define _KEY_L     0x26
    35                              <1> %define _KEY_M     0x32
    36                              <1> %define _KEY_N     0x31
    37                              <1> %define _KEY_O     0x18
    38                              <1> %define _KEY_P     0x19
    39                              <1> %define _KEY_Q     0x10
    40                              <1> %define _KEY_R     0x13
    41                              <1> %define _KEY_S     0x1F
    42                              <1> %define _KEY_T     0x14
    43                              <1> %define _KEY_U     0x16
    44                              <1> %define _KEY_V     0x2F
    45                              <1> %define _KEY_W     0x11
    46                              <1> %define _KEY_X     0x2D
    47                              <1> %define _KEY_Y     0x15
    48                              <1> %define _KEY_Z     0x2C
    49                              <1> 
    50                              <1> SYS_CALL_HALT     EQU     0
    51                              <1> SYS_CALL_READ     EQU     1
    52                              <1> SYS_CALL_WRITE    EQU     2
    53                              <1> SYS_CALL_SCREEN   EQU     3
    54                              <1> 
    55                              <1>  
     2                                  ;; CHECK P. 101 de los PDF de paginacion
     3                                  section .task01_functions
     4                                  USE32
     5                                  
     6                                  GLOBAL task01
     7                                  GLOBAL TASK1_LABEL
     8                                  
     9                                  ;Global Variables
    10                                  EXTERN buffer_Clear
    11                                  EXTERN KEYBOARD_BUFFER_ITSELF
    12                                  EXTERN DIGIT_TABLE_ITSELF
    13                                  EXTERN _64BITS_AVERAGE_FUNC
    14                                  EXTERN SCREEN_WRITING
    15                                  EXTERN SCREEN_POINTER
    16                                  EXTERN __VIDEO_VMA
    17                                  VIDEO_BUFFER_ADDR EQU 0x00E80000
    18                                  
    19                                  task01:
    20                                  TASK1_LABEL:
    21                                  
    22 00000000 55                          push    ebp
    23 00000001 89E5                        mov     ebp, esp
    24 00000003 68[00000000]                push dword DIGIT_TABLE_AVERAGE
    25 00000008 68[00000000]                push dword DIGIT_TABLE_ITSELF
    26 0000000D E8(00000000)                call _64BITS_AVERAGE_FUNC
    27 00000012 C9                          leave
    28                                  
    29 00000013 55                          push    ebp
    30 00000014 89E5                        mov     ebp, esp
    31 00000016 6A40                        push 64 ;Column
    32 00000018 6A00                        push 0  ;Row   
    33 0000001A 68[00000000]                push dword DIGIT_TABLE_AVERAGE     
    34 0000001F 68[00000000]                push dword __VIDEO_VMA ;SCREEN_POINTER
    35                                  
    36                                      ; SYS_CALL_HALT     EQU     0
    37                                      ; SYS_CALL_READ     EQU     1
    38                                      ; SYS_CALL_WRITE    EQU     2
    39                                      ; SYS_CALL_SCREEN   EQU     3
    40                                  
    41 00000024 BE[00000000]                mov esi, __VIDEO_VMA               
    42 00000029 BF[00000000]                mov edi, DIGIT_TABLE_AVERAGE        
    43 0000002E BA00000000                  mov edx, 0                          
    44 00000033 B940000000                  mov ecx, 64                         
    45 00000038 B803000000                  mov eax, SYS_CALL_SCREEN                                      
    46 0000003D CD80                        int 0x80   
    47                                  
    48 0000003F B800000000                  mov eax, SYS_CALL_HALT                 
    49 00000044 CD80                        int 0x80
    50 00000046 EBB8                        jmp TASK1_LABEL
    51                                  
    52                                  
    53                                  
    54                                  section .data_01
    55 00000000 <res 00000013>          DIGIT_TABLE_AVERAGE resb 19 ;    
    55          ******************       warning: uninitialized space declared in non-BSS section `.data_01': zeroing
