     1                                  GLOBAL Keyboard_Buffer_Itself
     2                                  GLOBAL Load_Keyboard_table_Itself
     3                                  GLOBAL TIMER_COUNTER
     4                                  GLOBAL Keyboard_counter
     5                                  GLOBAL Digit_Table_Average
     6                                  GLOBAL Screen_pointer
     7                                  GLOBAL Flag_Task_1
     8                                  
     9                                  ;Mem Section
    10                                  SECTION .TABLE_KEYBOARD ; 
    11 00000000 <res 00000013>          Keyboard_Buffer_Itself resb 19   ;
    11          ******************       warning: uninitialized space declared in non-BSS section `.TABLE_KEYBOARD': zeroing
    12 00000013 00                      Keyboard_counter db 0x00; Count how many keys were pressed
    13                                  
    14                                  SECTION .DATA_EXEC
    15 00000000 <res 000000BE>          Load_Keyboard_table_Itself resb 190 ; 
    15          ******************       warning: uninitialized space declared in non-BSS section `.DATA_EXEC': zeroing
    16 000000BE 00                      TIMER_COUNTER db 0x00
    17 000000BF <res 00000004>          Screen_pointer resb 4; 
    17          ******************       warning: uninitialized space declared in non-BSS section `.DATA_EXEC': zeroing
    18 000000C3 <res 00000013>          Digit_Table_Average resb 19 ;
    18          ******************       warning: uninitialized space declared in non-BSS section `.DATA_EXEC': zeroing
    19 000000D6 00                      Flag_Task_1 db 0x00
