     1                                  USE16
     2                                  SECTION .init16
     3                                  
     4                                  %include "inc/processor-flags.h" 
     1                              <1> %define X86_CR0_PE      0x00000001 ;/* Protectede mode enable*/
     2                              <1> %define X86_CR0_MP      0x00000002 ;/* Monitor coProcessor*/
     3                              <1> %define X86_CR0_EM      0x00000004 ;/* Emulation*/
     4                              <1> %define X86_CR0_TS      0x00000008 ;/* Task Switched*/
     5                              <1> %define X86_CR0_ET      0x00000010 ;/* Extension Type*/
     6                              <1> %define X86_CR0_NE      0x00000020 ;/* Numeric Error*/
     7                              <1> %define X86_CR0_WP      0x00010000 ;/* Write Protect*/
     8                              <1> %define X86_CR0_AM      0x00040000 ;/* Alignment Mask*/
     9                              <1> %define X86_CR0_NW      0x20000000 ;/* Not Write-through*/
    10                              <1> %define X86_CR0_CD      0x40000000 ;/* Cache Disable*/
    11                              <1> %define X86_CR0_PG      0x80000000 ;/* PaGine*/
    12                              <1> 
    13                              <1> %define IDLE            0x00000000;
    14                              <1> %define WAITING         0x00000001;
    15                              <1> %define RUNNING         0x00000002;
     5                                  ;Start and jump by now
     6                                  
     7                                  GLOBAL init16
     8                                  EXTERN entry
     9                                  
    10                                  EXTERN _gdtr
    11                                  EXTERN CS_SEL_32
    12                                  EXTERN start32_launcher
    13                                  EXTERN __STACK_START_16
    14                                  EXTERN __STACK_END_16
    15                                  
    16                                  %define PORT_A_8042    0x60
    17                                  %define CTRL_PORT_8042 0x64
    18                                  %define KEYB_DIS       0xAD
    19                                  %define KEYB_EN        0xAE
    20                                  %define READ_OUT_8042  0xD0
    21                                  %define WRITE_OUT_8042 0xD1
    22                                  
    23                                  
    24                                  init16:
    25                                  
    26 00000000 66A900000000                test eax,0x0    ;Check uP status
    27 00000006 0F855913                    jne fault_end
    28                                  
    29 0000000A 6631C0                      xor eax,eax
    30 0000000D 0F22D8                      mov cr3,eax         ;Disabhle TLB
    31                                  
    32                                      ;Set 16 bits stacks
    33 00000010 8CC8                        mov ax,cs
    34 00000012 8ED8                        mov ds,ax
    35 00000014 B8[0000]                    mov ax,__STACK_START_16
    36 00000017 8ED0                        mov ss,ax
    37 00000019 BC[0000]                    mov sp,__STACK_END_16
    38                                  
    39                                      ;Disable cache
    40 0000001C 0F20C0                      mov eax,cr0
    41 0000001F 660D00000060                or eax, (X86_CR0_NW | X86_CR0_CD)
    42 00000025 0F22C0                      mov cr0,eax
    43 00000028 0F09                        wbinvd
    44                                  
    45                                      %include "./inc/init_video.inc"       ;Init PCI & Video
     1                              <1> ;--------------------------------------------------------------------------------
     2                              <1> ; Inicialización de PCI y video. Hecho por Darío Alpern
     3                              <1> ;--------------------------------------------------------------------------------
     4                              <1> 
     5                              <1> 
     6                              <1> %macro 		leer_registro_pci 1 				; 1 parámetro
     7                              <1> 	mov 	eax, %1
     8                              <1> 	or 		eax, esi
     9                              <1> 	mov		dx, 0x0CF8
    10                              <1> 	out 	dx, eax    							; Escribir palabra de configuración.
    11                              <1> 	mov 	dx, 0x0CFC
    12                              <1> 	in 		eax, dx   							; Verificar si existe el dispositivo.
    13                              <1> %endmacro
    14                              <1> 
    15                              <1> ;--------------------------------------------------------------------------------
    16                              <1> ; Salto a punto de entrada
    17                              <1> ;--------------------------------------------------------------------------------
    18 0000002A E9FC10              <1> 	jmp 	bios_init	; Inicio del codigo de inicializacion
    19                              <1> 
    20                              <1> ;--------------------------------------------------------------------------------
    21                              <1> ; Tablas de datos para inicializacion
    22                              <1> ;--------------------------------------------------------------------------------
    23                              <1> seq_regs_data:
    24 0000002D 03                  <1> 	db 		0x03  		; Reset Register
    25 0000002E 00                  <1> 	db 		0x00  		; Clocking Mode Register
    26 0000002F 03                  <1> 	db 		0x03  		; Map Mask Register
    27 00000030 00                  <1> 	db 		0x00  		; Character Map Select Register
    28 00000031 02                  <1> 	db 		0x02 		; Sequencer Memory Mode Register
    29                              <1> 
    30                              <1> crtc_regs_data:
    31 00000032 5F                  <1> 	db 		0x5F  		; Cantidad caracteres menos 5 incluyendo borde.
    32 00000033 4F                  <1> 	db 		0x4F  		; Cantidad caracteres visualizados menos 1.
    33 00000034 50                  <1> 	db 		0x50  		; Carácter en el que comienza el blanqueo.
    34 00000035 82                  <1> 	db 		0x82  		; Fin de blanqueo horizontal.
    35 00000036 55                  <1> 	db 		0x55  		; Carácter donde comienza el retrazo horizontal.
    36 00000037 81                  <1> 	db 		0x81  		; Fin del retrazo horizontal.
    37 00000038 BF                  <1> 	db 		0xBF  		; Cantidad de scan lines - 2 (0x1BF = 447).
    38 00000039 1F                  <1> 	db 		0x1F  		; Bits 9 y 8 de varios registros.
    39 0000003A 00                  <1> 	db 		0x00  		; Primer scan line a ser visualizado.
    40 0000003B 4F                  <1> 	db 		0x4F  		; Bits 4-0: máxima línea de scan.
    41 0000003C 0D                  <1> 	db 		0x0D  		; Scan line donde comienza el cursor.
    42 0000003D 0E                  <1> 	db 		0x0E  		; Scan line donde termina el cursor.
    43 0000003E 00                  <1> 	db 		0x00 	 	; Bits 15-8 del inicio del buffer de video.
    44 0000003F 00                  <1> 	db	 	0x00 	 	; Bits 7-0 del inicio del buffer de video.
    45 00000040 05                  <1> 	db		0x05 		; Bits 15-8 de la posición del cursor en pantalla.
    46 00000041 50                  <1> 	db 		0x50 		; Bits 7-0 de la posición del cursor en pantalla.
    47 00000042 9C                  <1> 	db 		0x9C  		; Inicio retrazado vertical (0x19C = 412).
    48 00000043 8E                  <1> 	db 		0x8E  		; Fin retrazado vertical (bits 3-0) y protección de
    49                              <1> 						; escritura para registros cero a 7 (bit 7).
    50 00000044 8F                  <1> 	db 		0x8F  		; Fin de refresco vertical (0x18F = 409)
    51 00000045 28                  <1> 	db 		0x28  		; Cantidad de bytes por scan line dividido 4.
    52 00000046 1F                  <1> 	db 		0x1F  		; Scan line para el subrayado.
    53 00000047 96                  <1> 	db 		0x96  		; Inicio blanqueo vertical (0x196 = 406)
    54 00000048 B9                  <1> 	db 		0xB9  		; Fin blanqueo vertical (0x1B9 = 441)
    55 00000049 A3                  <1> 	db 		0xA3  		; Registro de control de modo.
    56 0000004A FF                  <1> 	db 		0xFF  		; Registro de comparación de líneas.
    57                              <1> 
    58                              <1> graphics_regs_data:
    59 0000004B 00                  <1> 	db 		0x00  		; Set/Reset Register
    60 0000004C 00                  <1> 	db 		0x00  		; Enable Set/Reset Register
    61 0000004D 00                  <1> 	db 		0x00  		; Color Compare Register
    62 0000004E 00                  <1> 	db 		0x00  		; Data Rotate Register
    63 0000004F 00                  <1> 	db 		0x00  		; Graphics Mode Register  
    64 00000050 10                  <1> 	db 		0x10  		; Miscellaneous Graphics Register
    65 00000051 0E                  <1> 	db 		0x0E  		; Color Don't Care Register
    66 00000052 00                  <1> 	db 		0x00  		; Bit Mask Register
    67 00000053 FF                  <1> 	db 		0xFF
    68                              <1> 
    69                              <1> attrcon_regs_data:
    70 00000054 00                  <1> 	db 		0x00  		; Paleta para color 0.
    71 00000055 01                  <1> 	db 		0x01  		; Paleta para color 1.
    72 00000056 02                  <1> 	db 		0x02  		; Paleta para color 2.
    73 00000057 03                  <1> 	db 		0x03  		; Paleta para color 3.
    74 00000058 04                  <1> 	db 		0x04  		; Paleta para color 4.
    75 00000059 05                  <1> 	db 		0x05  		; Paleta para color 5.
    76 0000005A 14                  <1> 	db 		0x14  		; Paleta para color 6.
    77 0000005B 07                  <1> 	db 		0x07  		; Paleta para color 7.
    78 0000005C 38                  <1> 	db 		0x38  		; Paleta para color 8.
    79 0000005D 39                  <1> 	db 		0x39  		; Paleta para color 9.
    80 0000005E 3A                  <1> 	db 		0x3A  		; Paleta para color 10.
    81 0000005F 3B                  <1> 	db 		0x3B  		; Paleta para color 11.
    82 00000060 3C                  <1> 	db 		0x3C  		; Paleta para color 12.
    83 00000061 3D                  <1> 	db 		0x3D  		; Paleta para color 13.
    84 00000062 3E                  <1> 	db 		0x3E  		; Paleta para color 14.
    85 00000063 3F                  <1> 	db 		0x3F  		; Paleta para color 15.
    86 00000064 0C                  <1> 	db 		0x0C  		; Registro de control de atributos.
    87                              <1> 						; * Bit 7: Fuente de los bits de video P5 y P4 al DAC de video
    88                              <1> 						; * Bit 6: Habilitación de 256 colores.
    89                              <1> 						; * Bit 5: Modo de desplazamiento de píxeles
    90                              <1> 						; * Bit 4: No usado
    91                              <1> 						; * Bit 3: "1" para habilitar blink, "0" para tener 16 colores de fondo.
    92                              <1> 						; * Bit 2: Replicación de octava a novena columna para caracteres
    93                              <1> 						;         0xC0 - 0xDF (para dibujar bloques en modo texto).
    94                              <1> 						; * Bit 1: Sin uso
    95                              <1> 						; * Bit 0: Habilitación de gráficos.
    96 00000065 00                  <1> 	db 		0x00  		; Color usado para el borde en algunos modos.
    97 00000066 0F                  <1> 	db 		0x0F  		; Habilitación de planos de color.
    98 00000067 08                  <1> 	db 		0x08  		; Desplazamiento de píxeles de video hacia la izquierda.
    99 00000068 00                  <1> 	db 		0x00  		; Registro de selección de color.
   100                              <1> 
   101                              <1> palette_data:
   102 00000069 000000              <1> 	db 		0x00, 0x00, 0x00    ;RGB del color #0
   103 0000006C 00002A              <1> 	db 		0x00, 0x00, 0x2a
   104 0000006F 002A00              <1> 	db 		0x00, 0x2a, 0x00
   105 00000072 002A2A              <1> 	db 		0x00, 0x2a, 0x2a
   106 00000075 2A0000              <1> 	db 		0x2a, 0x00, 0x00    ;RGB del color #4
   107 00000078 2A002A              <1> 	db 		0x2a, 0x00, 0x2a
   108 0000007B 2A2A00              <1> 	db 		0x2a, 0x2a, 0x00
   109 0000007E 2A2A2A              <1> 	db 		0x2a, 0x2a, 0x2a
   110 00000081 000015              <1> 	db 		0x00, 0x00, 0x15    ;RGB del color #8
   111 00000084 00003F              <1> 	db 		0x00, 0x00, 0x3f
   112 00000087 002A15              <1> 	db 		0x00, 0x2a, 0x15
   113 0000008A 002A3F              <1> 	db 		0x00, 0x2a, 0x3f
   114 0000008D 2A0015              <1> 	db 		0x2a, 0x00, 0x15    ;RGB del color #12
   115 00000090 2A003F              <1> 	db 		0x2a, 0x00, 0x3f
   116 00000093 2A2A15              <1> 	db 		0x2a, 0x2a, 0x15
   117 00000096 2A2A3F              <1> 	db 		0x2a, 0x2a, 0x3f
   118 00000099 001500              <1> 	db 		0x00, 0x15, 0x00    ;RGB del color #16
   119 0000009C 00152A              <1> 	db 		0x00, 0x15, 0x2a
   120 0000009F 003F00              <1> 	db		0x00, 0x3f, 0x00
   121 000000A2 003F2A              <1> 	db 		0x00, 0x3f, 0x2a
   122 000000A5 2A1500              <1> 	db 		0x2a, 0x15, 0x00    ;RGB del color #20
   123 000000A8 2A152A              <1> 	db 		0x2a, 0x15, 0x2a
   124 000000AB 2A3F00              <1> 	db 		0x2a, 0x3f, 0x00
   125 000000AE 2A3F2A              <1> 	db 		0x2a, 0x3f, 0x2a
   126 000000B1 001515              <1> 	db 		0x00, 0x15, 0x15    ;RGB del color #24
   127 000000B4 00153F              <1> 	db 		0x00, 0x15, 0x3f
   128 000000B7 003F15              <1> 	db 		0x00, 0x3f, 0x15
   129 000000BA 003F3F              <1> 	db 		0x00, 0x3f, 0x3f
   130 000000BD 2A1515              <1> 	db 		0x2a, 0x15, 0x15    ;RGB del color #28
   131 000000C0 2A153F              <1> 	db 		0x2a, 0x15, 0x3f
   132 000000C3 2A3F15              <1> 	db 		0x2a, 0x3f, 0x15
   133 000000C6 2A3F3F              <1> 	db 		0x2a, 0x3f, 0x3f
   134 000000C9 150000              <1> 	db 		0x15, 0x00, 0x00    ;RGB del color #32
   135 000000CC 15002A              <1> 	db 		0x15, 0x00, 0x2a
   136 000000CF 152A00              <1> 	db 		0x15, 0x2a, 0x00
   137 000000D2 152A2A              <1> 	db 		0x15, 0x2a, 0x2a
   138 000000D5 3F0000              <1> 	db 		0x3f, 0x00, 0x00    ;RGB del color #36
   139 000000D8 3F002A              <1> 	db 		0x3f, 0x00, 0x2a
   140 000000DB 3F2A00              <1> 	db 		0x3f, 0x2a, 0x00
   141 000000DE 3F2A2A              <1> 	db 		0x3f, 0x2a, 0x2a
   142 000000E1 150015              <1> 	db 		0x15, 0x00, 0x15    ;RGB del color #40
   143 000000E4 15003F              <1> 	db 		0x15, 0x00, 0x3f
   144 000000E7 152A15              <1> 	db 		0x15, 0x2a, 0x15
   145 000000EA 152A3F              <1> 	db 		0x15, 0x2a, 0x3f
   146 000000ED 3F0015              <1> 	db 		0x3f, 0x00, 0x15    ;RGB del color #44
   147 000000F0 3F003F              <1> 	db 		0x3f, 0x00, 0x3f
   148 000000F3 3F2A15              <1> 	db 		0x3f, 0x2a, 0x15
   149 000000F6 3F2A3F              <1> 	db 		0x3f, 0x2a, 0x3f
   150 000000F9 151500              <1> 	db 		0x15, 0x15, 0x00    ;RGB del color #48
   151 000000FC 15152A              <1> 	db 		0x15, 0x15, 0x2a
   152 000000FF 153F00              <1> 	db 		0x15, 0x3f, 0x00
   153 00000102 153F2A              <1> 	db 		0x15, 0x3f, 0x2a
   154 00000105 3F1500              <1> 	db 		0x3f, 0x15, 0x00    ;RGB del color #52
   155 00000108 3F152A              <1> 	db 		0x3f, 0x15, 0x2a
   156 0000010B 3F3F00              <1> 	db 		0x3f, 0x3f, 0x00
   157 0000010E 3F3F2A              <1> 	db 		0x3f, 0x3f, 0x2a
   158 00000111 151515              <1> 	db 		0x15, 0x15, 0x15    ;RGB del color #56
   159 00000114 15153F              <1> 	db 		0x15, 0x15, 0x3f
   160 00000117 153F15              <1> 	db 		0x15, 0x3f, 0x15
   161 0000011A 153F3F              <1> 	db 		0x15, 0x3f, 0x3f
   162 0000011D 3F1515              <1> 	db 		0x3f, 0x15, 0x15    ;RGB del color #60
   163 00000120 3F153F              <1> 	db 		0x3f, 0x15, 0x3f
   164 00000123 3F3F15              <1> 	db 		0x3f, 0x3f, 0x15
   165 00000126 3F3F3F              <1> 	db 		0x3f, 0x3f, 0x3f
   166                              <1> 
   167                              <1> ;--------------------------------------------------------------------------------
   168                              <1> ; Fonts de dominio público de Joseph Gil
   169                              <1> ;--------------------------------------------------------------------------------
   170                              <1> font16x8:
   171 00000129 000000000000000000- <1> 	db 0x00, 0x00, 0x00, 0x00, 0x00, 0x00, 0x00, 0x00, 0x00, 0x00, 0x00, 0x00, 0x00, 0x00, 0x00, 0x00
   171 00000132 00000000000000      <1>
   172 00000139 00007E81A58181BD99- <1> 	db 0x00, 0x00, 0x7e, 0x81, 0xa5, 0x81, 0x81, 0xbd, 0x99, 0x81, 0x81, 0x7e, 0x00, 0x00, 0x00, 0x00
   172 00000142 81817E00000000      <1>
   173 00000149 00007EFFDBFFFFC3E7- <1> 	db 0x00, 0x00, 0x7e, 0xff, 0xdb, 0xff, 0xff, 0xc3, 0xe7, 0xff, 0xff, 0x7e, 0x00, 0x00, 0x00, 0x00
   173 00000152 FFFF7E00000000      <1>
   174 00000159 000000006CFEFEFEFE- <1> 	db 0x00, 0x00, 0x00, 0x00, 0x6c, 0xfe, 0xfe, 0xfe, 0xfe, 0x7c, 0x38, 0x10, 0x00, 0x00, 0x00, 0x00
   174 00000162 7C381000000000      <1>
   175 00000169 0000000010387CFE7C- <1> 	db 0x00, 0x00, 0x00, 0x00, 0x10, 0x38, 0x7c, 0xfe, 0x7c, 0x38, 0x10, 0x00, 0x00, 0x00, 0x00, 0x00
   175 00000172 38100000000000      <1>
   176 00000179 000000183C3CE7E7E7- <1> 	db 0x00, 0x00, 0x00, 0x18, 0x3c, 0x3c, 0xe7, 0xe7, 0xe7, 0x18, 0x18, 0x3c, 0x00, 0x00, 0x00, 0x00
   176 00000182 18183C00000000      <1>
   177 00000189 000000183C7EFFFF7E- <1> 	db 0x00, 0x00, 0x00, 0x18, 0x3c, 0x7e, 0xff, 0xff, 0x7e, 0x18, 0x18, 0x3c, 0x00, 0x00, 0x00, 0x00
   177 00000192 18183C00000000      <1>
   178 00000199 000000000000183C3C- <1> 	db 0x00, 0x00, 0x00, 0x00, 0x00, 0x00, 0x18, 0x3c, 0x3c, 0x18, 0x00, 0x00, 0x00, 0x00, 0x00, 0x00
   178 000001A2 18000000000000      <1>
   179 000001A9 FFFFFFFFFFFFE7C3C3- <1> 	db 0xff, 0xff, 0xff, 0xff, 0xff, 0xff, 0xe7, 0xc3, 0xc3, 0xe7, 0xff, 0xff, 0xff, 0xff, 0xff, 0xff
   179 000001B2 E7FFFFFFFFFFFF      <1>
   180 000001B9 00000000003C664242- <1> 	db 0x00, 0x00, 0x00, 0x00, 0x00, 0x3c, 0x66, 0x42, 0x42, 0x66, 0x3c, 0x00, 0x00, 0x00, 0x00, 0x00
   180 000001C2 663C0000000000      <1>
   181 000001C9 FFFFFFFFFFC399BDBD- <1> 	db 0xff, 0xff, 0xff, 0xff, 0xff, 0xc3, 0x99, 0xbd, 0xbd, 0x99, 0xc3, 0xff, 0xff, 0xff, 0xff, 0xff
   181 000001D2 99C3FFFFFFFFFF      <1>
   182 000001D9 00001E0E1A3278CCCC- <1> 	db 0x00, 0x00, 0x1e, 0x0e, 0x1a, 0x32, 0x78, 0xcc, 0xcc, 0xcc, 0xcc, 0x78, 0x00, 0x00, 0x00, 0x00
   182 000001E2 CCCC7800000000      <1>
   183 000001E9 00003C666666663C18- <1> 	db 0x00, 0x00, 0x3c, 0x66, 0x66, 0x66, 0x66, 0x3c, 0x18, 0x7e, 0x18, 0x18, 0x00, 0x00, 0x00, 0x00
   183 000001F2 7E181800000000      <1>
   184 000001F9 00003F333F30303030- <1> 	db 0x00, 0x00, 0x3f, 0x33, 0x3f, 0x30, 0x30, 0x30, 0x30, 0x70, 0xf0, 0xe0, 0x00, 0x00, 0x00, 0x00
   184 00000202 70F0E000000000      <1>
   185 00000209 00007F637F63636363- <1> 	db 0x00, 0x00, 0x7f, 0x63, 0x7f, 0x63, 0x63, 0x63, 0x63, 0x67, 0xe7, 0xe6, 0xc0, 0x00, 0x00, 0x00
   185 00000212 67E7E6C0000000      <1>
   186 00000219 0000001818DB3CE73C- <1> 	db 0x00, 0x00, 0x00, 0x18, 0x18, 0xdb, 0x3c, 0xe7, 0x3c, 0xdb, 0x18, 0x18, 0x00, 0x00, 0x00, 0x00
   186 00000222 DB181800000000      <1>
   187 00000229 0080C0E0F0F8FEF8F0- <1> 	db 0x00, 0x80, 0xc0, 0xe0, 0xf0, 0xf8, 0xfe, 0xf8, 0xf0, 0xe0, 0xc0, 0x80, 0x00, 0x00, 0x00, 0x00
   187 00000232 E0C08000000000      <1>
   188 00000239 0002060E1E3EFE3E1E- <1> 	db 0x00, 0x02, 0x06, 0x0e, 0x1e, 0x3e, 0xfe, 0x3e, 0x1e, 0x0e, 0x06, 0x02, 0x00, 0x00, 0x00, 0x00
   188 00000242 0E060200000000      <1>
   189 00000249 0000183C7E1818187E- <1> 	db 0x00, 0x00, 0x18, 0x3c, 0x7e, 0x18, 0x18, 0x18, 0x7e, 0x3c, 0x18, 0x00, 0x00, 0x00, 0x00, 0x00
   189 00000252 3C180000000000      <1>
   190 00000259 000066666666666666- <1> 	db 0x00, 0x00, 0x66, 0x66, 0x66, 0x66, 0x66, 0x66, 0x66, 0x00, 0x66, 0x66, 0x00, 0x00, 0x00, 0x00
   190 00000262 00666600000000      <1>
   191 00000269 00007FDBDBDB7B1B1B- <1> 	db 0x00, 0x00, 0x7f, 0xdb, 0xdb, 0xdb, 0x7b, 0x1b, 0x1b, 0x1b, 0x1b, 0x1b, 0x00, 0x00, 0x00, 0x00
   191 00000272 1B1B1B00000000      <1>
   192 00000279 007CC660386CC6C66C- <1> 	db 0x00, 0x7c, 0xc6, 0x60, 0x38, 0x6c, 0xc6, 0xc6, 0x6c, 0x38, 0x0c, 0xc6, 0x7c, 0x00, 0x00, 0x00
   192 00000282 380CC67C000000      <1>
   193 00000289 0000000000000000FE- <1> 	db 0x00, 0x00, 0x00, 0x00, 0x00, 0x00, 0x00, 0x00, 0xfe, 0xfe, 0xfe, 0xfe, 0x00, 0x00, 0x00, 0x00
   193 00000292 FEFEFE00000000      <1>
   194 00000299 0000183C7E1818187E- <1> 	db 0x00, 0x00, 0x18, 0x3c, 0x7e, 0x18, 0x18, 0x18, 0x7e, 0x3c, 0x18, 0x7e, 0x00, 0x00, 0x00, 0x00
   194 000002A2 3C187E00000000      <1>
   195 000002A9 0000183C7E18181818- <1> 	db 0x00, 0x00, 0x18, 0x3c, 0x7e, 0x18, 0x18, 0x18, 0x18, 0x18, 0x18, 0x18, 0x00, 0x00, 0x00, 0x00
   195 000002B2 18181800000000      <1>
   196 000002B9 000018181818181818- <1> 	db 0x00, 0x00, 0x18, 0x18, 0x18, 0x18, 0x18, 0x18, 0x18, 0x7e, 0x3c, 0x18, 0x00, 0x00, 0x00, 0x00
   196 000002C2 7E3C1800000000      <1>
   197 000002C9 0000000000180CFE0C- <1> 	db 0x00, 0x00, 0x00, 0x00, 0x00, 0x18, 0x0c, 0xfe, 0x0c, 0x18, 0x00, 0x00, 0x00, 0x00, 0x00, 0x00
   197 000002D2 18000000000000      <1>
   198 000002D9 00000000003060FE60- <1> 	db 0x00, 0x00, 0x00, 0x00, 0x00, 0x30, 0x60, 0xfe, 0x60, 0x30, 0x00, 0x00, 0x00, 0x00, 0x00, 0x00
   198 000002E2 30000000000000      <1>
   199 000002E9 000000000000C0C0C0- <1> 	db 0x00, 0x00, 0x00, 0x00, 0x00, 0x00, 0xc0, 0xc0, 0xc0, 0xfe, 0x00, 0x00, 0x00, 0x00, 0x00, 0x00
   199 000002F2 FE000000000000      <1>
   200 000002F9 00000000002466FF66- <1> 	db 0x00, 0x00, 0x00, 0x00, 0x00, 0x24, 0x66, 0xff, 0x66, 0x24, 0x00, 0x00, 0x00, 0x00, 0x00, 0x00
   200 00000302 24000000000000      <1>
   201 00000309 000000001038387C7C- <1> 	db 0x00, 0x00, 0x00, 0x00, 0x10, 0x38, 0x38, 0x7c, 0x7c, 0xfe, 0xfe, 0x00, 0x00, 0x00, 0x00, 0x00
   201 00000312 FEFE0000000000      <1>
   202 00000319 00000000FEFE7C7C38- <1> 	db 0x00, 0x00, 0x00, 0x00, 0xfe, 0xfe, 0x7c, 0x7c, 0x38, 0x38, 0x10, 0x00, 0x00, 0x00, 0x00, 0x00
   202 00000322 38100000000000      <1>
   203 00000329 000000000000000000- <1> 	db 0x00, 0x00, 0x00, 0x00, 0x00, 0x00, 0x00, 0x00, 0x00, 0x00, 0x00, 0x00, 0x00, 0x00, 0x00, 0x00
   203 00000332 00000000000000      <1>
   204 00000339 0000183C3C3C181818- <1> 	db 0x00, 0x00, 0x18, 0x3c, 0x3c, 0x3c, 0x18, 0x18, 0x18, 0x00, 0x18, 0x18, 0x00, 0x00, 0x00, 0x00
   204 00000342 00181800000000      <1>
   205 00000349 006666662400000000- <1> 	db 0x00, 0x66, 0x66, 0x66, 0x24, 0x00, 0x00, 0x00, 0x00, 0x00, 0x00, 0x00, 0x00, 0x00, 0x00, 0x00
   205 00000352 00000000000000      <1>
   206 00000359 0000006C6CFE6C6C6C- <1> 	db 0x00, 0x00, 0x00, 0x6c, 0x6c, 0xfe, 0x6c, 0x6c, 0x6c, 0xfe, 0x6c, 0x6c, 0x00, 0x00, 0x00, 0x00
   206 00000362 FE6C6C00000000      <1>
   207 00000369 18187CC6C2C07C0606- <1> 	db 0x18, 0x18, 0x7c, 0xc6, 0xc2, 0xc0, 0x7c, 0x06, 0x06, 0x86, 0xc6, 0x7c, 0x18, 0x18, 0x00, 0x00
   207 00000372 86C67C18180000      <1>
   208 00000379 00000000C2C60C1830- <1> 	db 0x00, 0x00, 0x00, 0x00, 0xc2, 0xc6, 0x0c, 0x18, 0x30, 0x60, 0xc6, 0x86, 0x00, 0x00, 0x00, 0x00
   208 00000382 60C68600000000      <1>
   209 00000389 0000386C6C3876DCCC- <1> 	db 0x00, 0x00, 0x38, 0x6c, 0x6c, 0x38, 0x76, 0xdc, 0xcc, 0xcc, 0xcc, 0x76, 0x00, 0x00, 0x00, 0x00
   209 00000392 CCCC7600000000      <1>
   210 00000399 003030306000000000- <1> 	db 0x00, 0x30, 0x30, 0x30, 0x60, 0x00, 0x00, 0x00, 0x00, 0x00, 0x00, 0x00, 0x00, 0x00, 0x00, 0x00
   210 000003A2 00000000000000      <1>
   211 000003A9 00000C183030303030- <1> 	db 0x00, 0x00, 0x0c, 0x18, 0x30, 0x30, 0x30, 0x30, 0x30, 0x30, 0x18, 0x0c, 0x00, 0x00, 0x00, 0x00
   211 000003B2 30180C00000000      <1>
   212 000003B9 000030180C0C0C0C0C- <1> 	db 0x00, 0x00, 0x30, 0x18, 0x0c, 0x0c, 0x0c, 0x0c, 0x0c, 0x0c, 0x18, 0x30, 0x00, 0x00, 0x00, 0x00
   212 000003C2 0C183000000000      <1>
   213 000003C9 0000000000663CFF3C- <1> 	db 0x00, 0x00, 0x00, 0x00, 0x00, 0x66, 0x3c, 0xff, 0x3c, 0x66, 0x00, 0x00, 0x00, 0x00, 0x00, 0x00
   213 000003D2 66000000000000      <1>
   214 000003D9 000000000018187E18- <1> 	db 0x00, 0x00, 0x00, 0x00, 0x00, 0x18, 0x18, 0x7e, 0x18, 0x18, 0x00, 0x00, 0x00, 0x00, 0x00, 0x00
   214 000003E2 18000000000000      <1>
   215 000003E9 000000000000000000- <1> 	db 0x00, 0x00, 0x00, 0x00, 0x00, 0x00, 0x00, 0x00, 0x00, 0x18, 0x18, 0x18, 0x30, 0x00, 0x00, 0x00
   215 000003F2 18181830000000      <1>
   216 000003F9 00000000000000FE00- <1> 	db 0x00, 0x00, 0x00, 0x00, 0x00, 0x00, 0x00, 0xfe, 0x00, 0x00, 0x00, 0x00, 0x00, 0x00, 0x00, 0x00
   216 00000402 00000000000000      <1>
   217 00000409 000000000000000000- <1> 	db 0x00, 0x00, 0x00, 0x00, 0x00, 0x00, 0x00, 0x00, 0x00, 0x00, 0x18, 0x18, 0x00, 0x00, 0x00, 0x00
   217 00000412 00181800000000      <1>
   218 00000419 0000000002060C1830- <1> 	db 0x00, 0x00, 0x00, 0x00, 0x02, 0x06, 0x0c, 0x18, 0x30, 0x60, 0xc0, 0x80, 0x00, 0x00, 0x00, 0x00
   218 00000422 60C08000000000      <1>
   219 00000429 00003C66C3C3DBDBC3- <1> 	db 0x00, 0x00, 0x3c, 0x66, 0xc3, 0xc3, 0xdb, 0xdb, 0xc3, 0xc3, 0x66, 0x3c, 0x00, 0x00, 0x00, 0x00
   219 00000432 C3663C00000000      <1>
   220 00000439 000018387818181818- <1> 	db 0x00, 0x00, 0x18, 0x38, 0x78, 0x18, 0x18, 0x18, 0x18, 0x18, 0x18, 0x7e, 0x00, 0x00, 0x00, 0x00
   220 00000442 18187E00000000      <1>
   221 00000449 00007CC6060C183060- <1> 	db 0x00, 0x00, 0x7c, 0xc6, 0x06, 0x0c, 0x18, 0x30, 0x60, 0xc0, 0xc6, 0xfe, 0x00, 0x00, 0x00, 0x00
   221 00000452 C0C6FE00000000      <1>
   222 00000459 00007CC606063C0606- <1> 	db 0x00, 0x00, 0x7c, 0xc6, 0x06, 0x06, 0x3c, 0x06, 0x06, 0x06, 0xc6, 0x7c, 0x00, 0x00, 0x00, 0x00
   222 00000462 06C67C00000000      <1>
   223 00000469 00000C1C3C6CCCFE0C- <1> 	db 0x00, 0x00, 0x0c, 0x1c, 0x3c, 0x6c, 0xcc, 0xfe, 0x0c, 0x0c, 0x0c, 0x1e, 0x00, 0x00, 0x00, 0x00
   223 00000472 0C0C1E00000000      <1>
   224 00000479 0000FEC0C0C0FC0606- <1> 	db 0x00, 0x00, 0xfe, 0xc0, 0xc0, 0xc0, 0xfc, 0x06, 0x06, 0x06, 0xc6, 0x7c, 0x00, 0x00, 0x00, 0x00
   224 00000482 06C67C00000000      <1>
   225 00000489 00003860C0C0FCC6C6- <1> 	db 0x00, 0x00, 0x38, 0x60, 0xc0, 0xc0, 0xfc, 0xc6, 0xc6, 0xc6, 0xc6, 0x7c, 0x00, 0x00, 0x00, 0x00
   225 00000492 C6C67C00000000      <1>
   226 00000499 0000FEC606060C1830- <1> 	db 0x00, 0x00, 0xfe, 0xc6, 0x06, 0x06, 0x0c, 0x18, 0x30, 0x30, 0x30, 0x30, 0x00, 0x00, 0x00, 0x00
   226 000004A2 30303000000000      <1>
   227 000004A9 00007CC6C6C67CC6C6- <1> 	db 0x00, 0x00, 0x7c, 0xc6, 0xc6, 0xc6, 0x7c, 0xc6, 0xc6, 0xc6, 0xc6, 0x7c, 0x00, 0x00, 0x00, 0x00
   227 000004B2 C6C67C00000000      <1>
   228 000004B9 00007CC6C6C67E0606- <1> 	db 0x00, 0x00, 0x7c, 0xc6, 0xc6, 0xc6, 0x7e, 0x06, 0x06, 0x06, 0x0c, 0x78, 0x00, 0x00, 0x00, 0x00
   228 000004C2 060C7800000000      <1>
   229 000004C9 000000001818000000- <1> 	db 0x00, 0x00, 0x00, 0x00, 0x18, 0x18, 0x00, 0x00, 0x00, 0x18, 0x18, 0x00, 0x00, 0x00, 0x00, 0x00
   229 000004D2 18180000000000      <1>
   230 000004D9 000000001818000000- <1> 	db 0x00, 0x00, 0x00, 0x00, 0x18, 0x18, 0x00, 0x00, 0x00, 0x18, 0x18, 0x30, 0x00, 0x00, 0x00, 0x00
   230 000004E2 18183000000000      <1>
   231 000004E9 000000060C18306030- <1> 	db 0x00, 0x00, 0x00, 0x06, 0x0c, 0x18, 0x30, 0x60, 0x30, 0x18, 0x0c, 0x06, 0x00, 0x00, 0x00, 0x00
   231 000004F2 180C0600000000      <1>
   232 000004F9 00000000007E00007E- <1> 	db 0x00, 0x00, 0x00, 0x00, 0x00, 0x7e, 0x00, 0x00, 0x7e, 0x00, 0x00, 0x00, 0x00, 0x00, 0x00, 0x00
   232 00000502 00000000000000      <1>
   233 00000509 0000006030180C060C- <1> 	db 0x00, 0x00, 0x00, 0x60, 0x30, 0x18, 0x0c, 0x06, 0x0c, 0x18, 0x30, 0x60, 0x00, 0x00, 0x00, 0x00
   233 00000512 18306000000000      <1>
   234 00000519 00007CC6C60C181818- <1> 	db 0x00, 0x00, 0x7c, 0xc6, 0xc6, 0x0c, 0x18, 0x18, 0x18, 0x00, 0x18, 0x18, 0x00, 0x00, 0x00, 0x00
   234 00000522 00181800000000      <1>
   235 00000529 0000007CC6C6DEDEDE- <1> 	db 0x00, 0x00, 0x00, 0x7c, 0xc6, 0xc6, 0xde, 0xde, 0xde, 0xdc, 0xc0, 0x7c, 0x00, 0x00, 0x00, 0x00
   235 00000532 DCC07C00000000      <1>
   236 00000539 000010386CC6C6FEC6- <1> 	db 0x00, 0x00, 0x10, 0x38, 0x6c, 0xc6, 0xc6, 0xfe, 0xc6, 0xc6, 0xc6, 0xc6, 0x00, 0x00, 0x00, 0x00
   236 00000542 C6C6C600000000      <1>
   237 00000549 0000FC6666667C6666- <1> 	db 0x00, 0x00, 0xfc, 0x66, 0x66, 0x66, 0x7c, 0x66, 0x66, 0x66, 0x66, 0xfc, 0x00, 0x00, 0x00, 0x00
   237 00000552 6666FC00000000      <1>
   238 00000559 00003C66C2C0C0C0C0- <1> 	db 0x00, 0x00, 0x3c, 0x66, 0xc2, 0xc0, 0xc0, 0xc0, 0xc0, 0xc2, 0x66, 0x3c, 0x00, 0x00, 0x00, 0x00
   238 00000562 C2663C00000000      <1>
   239 00000569 0000F86C6666666666- <1> 	db 0x00, 0x00, 0xf8, 0x6c, 0x66, 0x66, 0x66, 0x66, 0x66, 0x66, 0x6c, 0xf8, 0x00, 0x00, 0x00, 0x00
   239 00000572 666CF800000000      <1>
   240 00000579 0000FE666268786860- <1> 	db 0x00, 0x00, 0xfe, 0x66, 0x62, 0x68, 0x78, 0x68, 0x60, 0x62, 0x66, 0xfe, 0x00, 0x00, 0x00, 0x00
   240 00000582 6266FE00000000      <1>
   241 00000589 0000FE666268786860- <1> 	db 0x00, 0x00, 0xfe, 0x66, 0x62, 0x68, 0x78, 0x68, 0x60, 0x60, 0x60, 0xf0, 0x00, 0x00, 0x00, 0x00
   241 00000592 6060F000000000      <1>
   242 00000599 00003C66C2C0C0DEC6- <1> 	db 0x00, 0x00, 0x3c, 0x66, 0xc2, 0xc0, 0xc0, 0xde, 0xc6, 0xc6, 0x66, 0x3a, 0x00, 0x00, 0x00, 0x00
   242 000005A2 C6663A00000000      <1>
   243 000005A9 0000C6C6C6C6FEC6C6- <1> 	db 0x00, 0x00, 0xc6, 0xc6, 0xc6, 0xc6, 0xfe, 0xc6, 0xc6, 0xc6, 0xc6, 0xc6, 0x00, 0x00, 0x00, 0x00
   243 000005B2 C6C6C600000000      <1>
   244 000005B9 00003C181818181818- <1> 	db 0x00, 0x00, 0x3c, 0x18, 0x18, 0x18, 0x18, 0x18, 0x18, 0x18, 0x18, 0x3c, 0x00, 0x00, 0x00, 0x00
   244 000005C2 18183C00000000      <1>
   245 000005C9 00001E0C0C0C0C0CCC- <1> 	db 0x00, 0x00, 0x1e, 0x0c, 0x0c, 0x0c, 0x0c, 0x0c, 0xcc, 0xcc, 0xcc, 0x78, 0x00, 0x00, 0x00, 0x00
   245 000005D2 CCCC7800000000      <1>
   246 000005D9 0000E666666C78786C- <1> 	db 0x00, 0x00, 0xe6, 0x66, 0x66, 0x6c, 0x78, 0x78, 0x6c, 0x66, 0x66, 0xe6, 0x00, 0x00, 0x00, 0x00
   246 000005E2 6666E600000000      <1>
   247 000005E9 0000F0606060606060- <1> 	db 0x00, 0x00, 0xf0, 0x60, 0x60, 0x60, 0x60, 0x60, 0x60, 0x62, 0x66, 0xfe, 0x00, 0x00, 0x00, 0x00
   247 000005F2 6266FE00000000      <1>
   248 000005F9 0000C3E7FFFFDBC3C3- <1> 	db 0x00, 0x00, 0xc3, 0xe7, 0xff, 0xff, 0xdb, 0xc3, 0xc3, 0xc3, 0xc3, 0xc3, 0x00, 0x00, 0x00, 0x00
   248 00000602 C3C3C300000000      <1>
   249 00000609 0000C6E6F6FEDECEC6- <1> 	db 0x00, 0x00, 0xc6, 0xe6, 0xf6, 0xfe, 0xde, 0xce, 0xc6, 0xc6, 0xc6, 0xc6, 0x00, 0x00, 0x00, 0x00
   249 00000612 C6C6C600000000      <1>
   250 00000619 00007CC6C6C6C6C6C6- <1> 	db 0x00, 0x00, 0x7c, 0xc6, 0xc6, 0xc6, 0xc6, 0xc6, 0xc6, 0xc6, 0xc6, 0x7c, 0x00, 0x00, 0x00, 0x00
   250 00000622 C6C67C00000000      <1>
   251 00000629 0000FC6666667C6060- <1> 	db 0x00, 0x00, 0xfc, 0x66, 0x66, 0x66, 0x7c, 0x60, 0x60, 0x60, 0x60, 0xf0, 0x00, 0x00, 0x00, 0x00
   251 00000632 6060F000000000      <1>
   252 00000639 00007CC6C6C6C6C6C6- <1> 	db 0x00, 0x00, 0x7c, 0xc6, 0xc6, 0xc6, 0xc6, 0xc6, 0xc6, 0xd6, 0xde, 0x7c, 0x0c, 0x0e, 0x00, 0x00
   252 00000642 D6DE7C0C0E0000      <1>
   253 00000649 0000FC6666667C6C66- <1> 	db 0x00, 0x00, 0xfc, 0x66, 0x66, 0x66, 0x7c, 0x6c, 0x66, 0x66, 0x66, 0xe6, 0x00, 0x00, 0x00, 0x00
   253 00000652 6666E600000000      <1>
   254 00000659 00007CC6C660380C06- <1> 	db 0x00, 0x00, 0x7c, 0xc6, 0xc6, 0x60, 0x38, 0x0c, 0x06, 0xc6, 0xc6, 0x7c, 0x00, 0x00, 0x00, 0x00
   254 00000662 C6C67C00000000      <1>
   255 00000669 0000FFDB9918181818- <1> 	db 0x00, 0x00, 0xff, 0xdb, 0x99, 0x18, 0x18, 0x18, 0x18, 0x18, 0x18, 0x3c, 0x00, 0x00, 0x00, 0x00
   255 00000672 18183C00000000      <1>
   256 00000679 0000C6C6C6C6C6C6C6- <1> 	db 0x00, 0x00, 0xc6, 0xc6, 0xc6, 0xc6, 0xc6, 0xc6, 0xc6, 0xc6, 0xc6, 0x7c, 0x00, 0x00, 0x00, 0x00
   256 00000682 C6C67C00000000      <1>
   257 00000689 0000C3C3C3C3C3C3C3- <1> 	db 0x00, 0x00, 0xc3, 0xc3, 0xc3, 0xc3, 0xc3, 0xc3, 0xc3, 0x66, 0x3c, 0x18, 0x00, 0x00, 0x00, 0x00
   257 00000692 663C1800000000      <1>
   258 00000699 0000C3C3C3C3C3DBDB- <1> 	db 0x00, 0x00, 0xc3, 0xc3, 0xc3, 0xc3, 0xc3, 0xdb, 0xdb, 0xff, 0x66, 0x66, 0x00, 0x00, 0x00, 0x00
   258 000006A2 FF666600000000      <1>
   259 000006A9 0000C3C3663C18183C- <1> 	db 0x00, 0x00, 0xc3, 0xc3, 0x66, 0x3c, 0x18, 0x18, 0x3c, 0x66, 0xc3, 0xc3, 0x00, 0x00, 0x00, 0x00
   259 000006B2 66C3C300000000      <1>
   260 000006B9 0000C3C3C3663C1818- <1> 	db 0x00, 0x00, 0xc3, 0xc3, 0xc3, 0x66, 0x3c, 0x18, 0x18, 0x18, 0x18, 0x3c, 0x00, 0x00, 0x00, 0x00
   260 000006C2 18183C00000000      <1>
   261 000006C9 0000FFC3860C183060- <1> 	db 0x00, 0x00, 0xff, 0xc3, 0x86, 0x0c, 0x18, 0x30, 0x60, 0xc1, 0xc3, 0xff, 0x00, 0x00, 0x00, 0x00
   261 000006D2 C1C3FF00000000      <1>
   262 000006D9 00003C303030303030- <1> 	db 0x00, 0x00, 0x3c, 0x30, 0x30, 0x30, 0x30, 0x30, 0x30, 0x30, 0x30, 0x3c, 0x00, 0x00, 0x00, 0x00
   262 000006E2 30303C00000000      <1>
   263 000006E9 00000080C0E070381C- <1> 	db 0x00, 0x00, 0x00, 0x80, 0xc0, 0xe0, 0x70, 0x38, 0x1c, 0x0e, 0x06, 0x02, 0x00, 0x00, 0x00, 0x00
   263 000006F2 0E060200000000      <1>
   264 000006F9 00003C0C0C0C0C0C0C- <1> 	db 0x00, 0x00, 0x3c, 0x0c, 0x0c, 0x0c, 0x0c, 0x0c, 0x0c, 0x0c, 0x0c, 0x3c, 0x00, 0x00, 0x00, 0x00
   264 00000702 0C0C3C00000000      <1>
   265 00000709 10386CC60000000000- <1> 	db 0x10, 0x38, 0x6c, 0xc6, 0x00, 0x00, 0x00, 0x00, 0x00, 0x00, 0x00, 0x00, 0x00, 0x00, 0x00, 0x00
   265 00000712 00000000000000      <1>
   266 00000719 000000000000000000- <1> 	db 0x00, 0x00, 0x00, 0x00, 0x00, 0x00, 0x00, 0x00, 0x00, 0x00, 0x00, 0x00, 0x00, 0xff, 0x00, 0x00
   266 00000722 00000000FF0000      <1>
   267 00000729 303018000000000000- <1> 	db 0x30, 0x30, 0x18, 0x00, 0x00, 0x00, 0x00, 0x00, 0x00, 0x00, 0x00, 0x00, 0x00, 0x00, 0x00, 0x00
   267 00000732 00000000000000      <1>
   268 00000739 0000000000780C7CCC- <1> 	db 0x00, 0x00, 0x00, 0x00, 0x00, 0x78, 0x0c, 0x7c, 0xcc, 0xcc, 0xcc, 0x76, 0x00, 0x00, 0x00, 0x00
   268 00000742 CCCC7600000000      <1>
   269 00000749 0000E06060786C6666- <1> 	db 0x00, 0x00, 0xe0, 0x60, 0x60, 0x78, 0x6c, 0x66, 0x66, 0x66, 0x66, 0x7c, 0x00, 0x00, 0x00, 0x00
   269 00000752 66667C00000000      <1>
   270 00000759 00000000007CC6C0C0- <1> 	db 0x00, 0x00, 0x00, 0x00, 0x00, 0x7c, 0xc6, 0xc0, 0xc0, 0xc0, 0xc6, 0x7c, 0x00, 0x00, 0x00, 0x00
   270 00000762 C0C67C00000000      <1>
   271 00000769 00001C0C0C3C6CCCCC- <1> 	db 0x00, 0x00, 0x1c, 0x0c, 0x0c, 0x3c, 0x6c, 0xcc, 0xcc, 0xcc, 0xcc, 0x76, 0x00, 0x00, 0x00, 0x00
   271 00000772 CCCC7600000000      <1>
   272 00000779 00000000007CC6FEC0- <1> 	db 0x00, 0x00, 0x00, 0x00, 0x00, 0x7c, 0xc6, 0xfe, 0xc0, 0xc0, 0xc6, 0x7c, 0x00, 0x00, 0x00, 0x00
   272 00000782 C0C67C00000000      <1>
   273 00000789 0000386C6460F06060- <1> 	db 0x00, 0x00, 0x38, 0x6c, 0x64, 0x60, 0xf0, 0x60, 0x60, 0x60, 0x60, 0xf0, 0x00, 0x00, 0x00, 0x00
   273 00000792 6060F000000000      <1>
   274 00000799 000000000076CCCCCC- <1> 	db 0x00, 0x00, 0x00, 0x00, 0x00, 0x76, 0xcc, 0xcc, 0xcc, 0xcc, 0xcc, 0x7c, 0x0c, 0xcc, 0x78, 0x00
   274 000007A2 CCCC7C0CCC7800      <1>
   275 000007A9 0000E060606C766666- <1> 	db 0x00, 0x00, 0xe0, 0x60, 0x60, 0x6c, 0x76, 0x66, 0x66, 0x66, 0x66, 0xe6, 0x00, 0x00, 0x00, 0x00
   275 000007B2 6666E600000000      <1>
   276 000007B9 000018180038181818- <1> 	db 0x00, 0x00, 0x18, 0x18, 0x00, 0x38, 0x18, 0x18, 0x18, 0x18, 0x18, 0x3c, 0x00, 0x00, 0x00, 0x00
   276 000007C2 18183C00000000      <1>
   277 000007C9 00000606000E060606- <1> 	db 0x00, 0x00, 0x06, 0x06, 0x00, 0x0e, 0x06, 0x06, 0x06, 0x06, 0x06, 0x06, 0x66, 0x66, 0x3c, 0x00
   277 000007D2 06060666663C00      <1>
   278 000007D9 0000E06060666C7878- <1> 	db 0x00, 0x00, 0xe0, 0x60, 0x60, 0x66, 0x6c, 0x78, 0x78, 0x6c, 0x66, 0xe6, 0x00, 0x00, 0x00, 0x00
   278 000007E2 6C66E600000000      <1>
   279 000007E9 000038181818181818- <1> 	db 0x00, 0x00, 0x38, 0x18, 0x18, 0x18, 0x18, 0x18, 0x18, 0x18, 0x18, 0x3c, 0x00, 0x00, 0x00, 0x00
   279 000007F2 18183C00000000      <1>
   280 000007F9 0000000000E6FFDBDB- <1> 	db 0x00, 0x00, 0x00, 0x00, 0x00, 0xe6, 0xff, 0xdb, 0xdb, 0xdb, 0xdb, 0xdb, 0x00, 0x00, 0x00, 0x00
   280 00000802 DBDBDB00000000      <1>
   281 00000809 0000000000DC666666- <1> 	db 0x00, 0x00, 0x00, 0x00, 0x00, 0xdc, 0x66, 0x66, 0x66, 0x66, 0x66, 0x66, 0x00, 0x00, 0x00, 0x00
   281 00000812 66666600000000      <1>
   282 00000819 00000000007CC6C6C6- <1> 	db 0x00, 0x00, 0x00, 0x00, 0x00, 0x7c, 0xc6, 0xc6, 0xc6, 0xc6, 0xc6, 0x7c, 0x00, 0x00, 0x00, 0x00
   282 00000822 C6C67C00000000      <1>
   283 00000829 0000000000DC666666- <1> 	db 0x00, 0x00, 0x00, 0x00, 0x00, 0xdc, 0x66, 0x66, 0x66, 0x66, 0x66, 0x7c, 0x60, 0x60, 0xf0, 0x00
   283 00000832 66667C6060F000      <1>
   284 00000839 000000000076CCCCCC- <1> 	db 0x00, 0x00, 0x00, 0x00, 0x00, 0x76, 0xcc, 0xcc, 0xcc, 0xcc, 0xcc, 0x7c, 0x0c, 0x0c, 0x1e, 0x00
   284 00000842 CCCC7C0C0C1E00      <1>
   285 00000849 0000000000DC766660- <1> 	db 0x00, 0x00, 0x00, 0x00, 0x00, 0xdc, 0x76, 0x66, 0x60, 0x60, 0x60, 0xf0, 0x00, 0x00, 0x00, 0x00
   285 00000852 6060F000000000      <1>
   286 00000859 00000000007CC66038- <1> 	db 0x00, 0x00, 0x00, 0x00, 0x00, 0x7c, 0xc6, 0x60, 0x38, 0x0c, 0xc6, 0x7c, 0x00, 0x00, 0x00, 0x00
   286 00000862 0CC67C00000000      <1>
   287 00000869 0000103030FC303030- <1> 	db 0x00, 0x00, 0x10, 0x30, 0x30, 0xfc, 0x30, 0x30, 0x30, 0x30, 0x36, 0x1c, 0x00, 0x00, 0x00, 0x00
   287 00000872 30361C00000000      <1>
   288 00000879 0000000000CCCCCCCC- <1> 	db 0x00, 0x00, 0x00, 0x00, 0x00, 0xcc, 0xcc, 0xcc, 0xcc, 0xcc, 0xcc, 0x76, 0x00, 0x00, 0x00, 0x00
   288 00000882 CCCC7600000000      <1>
   289 00000889 0000000000C3C3C3C3- <1> 	db 0x00, 0x00, 0x00, 0x00, 0x00, 0xc3, 0xc3, 0xc3, 0xc3, 0x66, 0x3c, 0x18, 0x00, 0x00, 0x00, 0x00
   289 00000892 663C1800000000      <1>
   290 00000899 0000000000C3C3C3DB- <1> 	db 0x00, 0x00, 0x00, 0x00, 0x00, 0xc3, 0xc3, 0xc3, 0xdb, 0xdb, 0xff, 0x66, 0x00, 0x00, 0x00, 0x00
   290 000008A2 DBFF6600000000      <1>
   291 000008A9 0000000000C3663C18- <1> 	db 0x00, 0x00, 0x00, 0x00, 0x00, 0xc3, 0x66, 0x3c, 0x18, 0x3c, 0x66, 0xc3, 0x00, 0x00, 0x00, 0x00
   291 000008B2 3C66C300000000      <1>
   292 000008B9 0000000000C6C6C6C6- <1> 	db 0x00, 0x00, 0x00, 0x00, 0x00, 0xc6, 0xc6, 0xc6, 0xc6, 0xc6, 0xc6, 0x7e, 0x06, 0x0c, 0xf8, 0x00
   292 000008C2 C6C67E060CF800      <1>
   293 000008C9 0000000000FECC1830- <1> 	db 0x00, 0x00, 0x00, 0x00, 0x00, 0xfe, 0xcc, 0x18, 0x30, 0x60, 0xc6, 0xfe, 0x00, 0x00, 0x00, 0x00
   293 000008D2 60C6FE00000000      <1>
   294 000008D9 00000E181818701818- <1> 	db 0x00, 0x00, 0x0e, 0x18, 0x18, 0x18, 0x70, 0x18, 0x18, 0x18, 0x18, 0x0e, 0x00, 0x00, 0x00, 0x00
   294 000008E2 18180E00000000      <1>
   295 000008E9 000018181818001818- <1> 	db 0x00, 0x00, 0x18, 0x18, 0x18, 0x18, 0x00, 0x18, 0x18, 0x18, 0x18, 0x18, 0x00, 0x00, 0x00, 0x00
   295 000008F2 18181800000000      <1>
   296 000008F9 0000701818180E1818- <1> 	db 0x00, 0x00, 0x70, 0x18, 0x18, 0x18, 0x0e, 0x18, 0x18, 0x18, 0x18, 0x70, 0x00, 0x00, 0x00, 0x00
   296 00000902 18187000000000      <1>
   297 00000909 000076DC0000000000- <1> 	db 0x00, 0x00, 0x76, 0xdc, 0x00, 0x00, 0x00, 0x00, 0x00, 0x00, 0x00, 0x00, 0x00, 0x00, 0x00, 0x00
   297 00000912 00000000000000      <1>
   298 00000919 0000000010386CC6C6- <1> 	db 0x00, 0x00, 0x00, 0x00, 0x10, 0x38, 0x6c, 0xc6, 0xc6, 0xc6, 0xfe, 0x00, 0x00, 0x00, 0x00, 0x00
   298 00000922 C6FE0000000000      <1>
   299 00000929 00003C66C2C0C0C0C2- <1> 	db 0x00, 0x00, 0x3c, 0x66, 0xc2, 0xc0, 0xc0, 0xc0, 0xc2, 0x66, 0x3c, 0x0c, 0x06, 0x7c, 0x00, 0x00
   299 00000932 663C0C067C0000      <1>
   300 00000939 0000CC0000CCCCCCCC- <1> 	db 0x00, 0x00, 0xcc, 0x00, 0x00, 0xcc, 0xcc, 0xcc, 0xcc, 0xcc, 0xcc, 0x76, 0x00, 0x00, 0x00, 0x00
   300 00000942 CCCC7600000000      <1>
   301 00000949 000C1830007CC6FEC0- <1> 	db 0x00, 0x0c, 0x18, 0x30, 0x00, 0x7c, 0xc6, 0xfe, 0xc0, 0xc0, 0xc6, 0x7c, 0x00, 0x00, 0x00, 0x00
   301 00000952 C0C67C00000000      <1>
   302 00000959 0010386C00780C7CCC- <1> 	db 0x00, 0x10, 0x38, 0x6c, 0x00, 0x78, 0x0c, 0x7c, 0xcc, 0xcc, 0xcc, 0x76, 0x00, 0x00, 0x00, 0x00
   302 00000962 CCCC7600000000      <1>
   303 00000969 0000CC0000780C7CCC- <1> 	db 0x00, 0x00, 0xcc, 0x00, 0x00, 0x78, 0x0c, 0x7c, 0xcc, 0xcc, 0xcc, 0x76, 0x00, 0x00, 0x00, 0x00
   303 00000972 CCCC7600000000      <1>
   304 00000979 0060301800780C7CCC- <1> 	db 0x00, 0x60, 0x30, 0x18, 0x00, 0x78, 0x0c, 0x7c, 0xcc, 0xcc, 0xcc, 0x76, 0x00, 0x00, 0x00, 0x00
   304 00000982 CCCC7600000000      <1>
   305 00000989 00386C3800780C7CCC- <1> 	db 0x00, 0x38, 0x6c, 0x38, 0x00, 0x78, 0x0c, 0x7c, 0xcc, 0xcc, 0xcc, 0x76, 0x00, 0x00, 0x00, 0x00
   305 00000992 CCCC7600000000      <1>
   306 00000999 000000003C66606066- <1> 	db 0x00, 0x00, 0x00, 0x00, 0x3c, 0x66, 0x60, 0x60, 0x66, 0x3c, 0x0c, 0x06, 0x3c, 0x00, 0x00, 0x00
   306 000009A2 3C0C063C000000      <1>
   307 000009A9 0010386C007CC6FEC0- <1> 	db 0x00, 0x10, 0x38, 0x6c, 0x00, 0x7c, 0xc6, 0xfe, 0xc0, 0xc0, 0xc6, 0x7c, 0x00, 0x00, 0x00, 0x00
   307 000009B2 C0C67C00000000      <1>
   308 000009B9 0000C600007CC6FEC0- <1> 	db 0x00, 0x00, 0xc6, 0x00, 0x00, 0x7c, 0xc6, 0xfe, 0xc0, 0xc0, 0xc6, 0x7c, 0x00, 0x00, 0x00, 0x00
   308 000009C2 C0C67C00000000      <1>
   309 000009C9 00603018007CC6FEC0- <1> 	db 0x00, 0x60, 0x30, 0x18, 0x00, 0x7c, 0xc6, 0xfe, 0xc0, 0xc0, 0xc6, 0x7c, 0x00, 0x00, 0x00, 0x00
   309 000009D2 C0C67C00000000      <1>
   310 000009D9 000066000038181818- <1> 	db 0x00, 0x00, 0x66, 0x00, 0x00, 0x38, 0x18, 0x18, 0x18, 0x18, 0x18, 0x3c, 0x00, 0x00, 0x00, 0x00
   310 000009E2 18183C00000000      <1>
   311 000009E9 00183C660038181818- <1> 	db 0x00, 0x18, 0x3c, 0x66, 0x00, 0x38, 0x18, 0x18, 0x18, 0x18, 0x18, 0x3c, 0x00, 0x00, 0x00, 0x00
   311 000009F2 18183C00000000      <1>
   312 000009F9 006030180038181818- <1> 	db 0x00, 0x60, 0x30, 0x18, 0x00, 0x38, 0x18, 0x18, 0x18, 0x18, 0x18, 0x3c, 0x00, 0x00, 0x00, 0x00
   312 00000A02 18183C00000000      <1>
   313 00000A09 00C60010386CC6C6FE- <1> 	db 0x00, 0xc6, 0x00, 0x10, 0x38, 0x6c, 0xc6, 0xc6, 0xfe, 0xc6, 0xc6, 0xc6, 0x00, 0x00, 0x00, 0x00
   313 00000A12 C6C6C600000000      <1>
   314 00000A19 386C3800386CC6C6FE- <1> 	db 0x38, 0x6c, 0x38, 0x00, 0x38, 0x6c, 0xc6, 0xc6, 0xfe, 0xc6, 0xc6, 0xc6, 0x00, 0x00, 0x00, 0x00
   314 00000A22 C6C6C600000000      <1>
   315 00000A29 18306000FE66607C60- <1> 	db 0x18, 0x30, 0x60, 0x00, 0xfe, 0x66, 0x60, 0x7c, 0x60, 0x60, 0x66, 0xfe, 0x00, 0x00, 0x00, 0x00
   315 00000A32 6066FE00000000      <1>
   316 00000A39 00000000006E3B1B7E- <1> 	db 0x00, 0x00, 0x00, 0x00, 0x00, 0x6e, 0x3b, 0x1b, 0x7e, 0xd8, 0xdc, 0x77, 0x00, 0x00, 0x00, 0x00
   316 00000A42 D8DC7700000000      <1>
   317 00000A49 00003E6CCCCCFECCCC- <1> 	db 0x00, 0x00, 0x3e, 0x6c, 0xcc, 0xcc, 0xfe, 0xcc, 0xcc, 0xcc, 0xcc, 0xce, 0x00, 0x00, 0x00, 0x00
   317 00000A52 CCCCCE00000000      <1>
   318 00000A59 0010386C007CC6C6C6- <1> 	db 0x00, 0x10, 0x38, 0x6c, 0x00, 0x7c, 0xc6, 0xc6, 0xc6, 0xc6, 0xc6, 0x7c, 0x00, 0x00, 0x00, 0x00
   318 00000A62 C6C67C00000000      <1>
   319 00000A69 0000C600007CC6C6C6- <1> 	db 0x00, 0x00, 0xc6, 0x00, 0x00, 0x7c, 0xc6, 0xc6, 0xc6, 0xc6, 0xc6, 0x7c, 0x00, 0x00, 0x00, 0x00
   319 00000A72 C6C67C00000000      <1>
   320 00000A79 00603018007CC6C6C6- <1> 	db 0x00, 0x60, 0x30, 0x18, 0x00, 0x7c, 0xc6, 0xc6, 0xc6, 0xc6, 0xc6, 0x7c, 0x00, 0x00, 0x00, 0x00
   320 00000A82 C6C67C00000000      <1>
   321 00000A89 003078CC00CCCCCCCC- <1> 	db 0x00, 0x30, 0x78, 0xcc, 0x00, 0xcc, 0xcc, 0xcc, 0xcc, 0xcc, 0xcc, 0x76, 0x00, 0x00, 0x00, 0x00
   321 00000A92 CCCC7600000000      <1>
   322 00000A99 0060301800CCCCCCCC- <1> 	db 0x00, 0x60, 0x30, 0x18, 0x00, 0xcc, 0xcc, 0xcc, 0xcc, 0xcc, 0xcc, 0x76, 0x00, 0x00, 0x00, 0x00
   322 00000AA2 CCCC7600000000      <1>
   323 00000AA9 0000C60000C6C6C6C6- <1> 	db 0x00, 0x00, 0xc6, 0x00, 0x00, 0xc6, 0xc6, 0xc6, 0xc6, 0xc6, 0xc6, 0x7e, 0x06, 0x0c, 0x78, 0x00
   323 00000AB2 C6C67E060C7800      <1>
   324 00000AB9 00C6007CC6C6C6C6C6- <1> 	db 0x00, 0xc6, 0x00, 0x7c, 0xc6, 0xc6, 0xc6, 0xc6, 0xc6, 0xc6, 0xc6, 0x7c, 0x00, 0x00, 0x00, 0x00
   324 00000AC2 C6C67C00000000      <1>
   325 00000AC9 00C600C6C6C6C6C6C6- <1> 	db 0x00, 0xc6, 0x00, 0xc6, 0xc6, 0xc6, 0xc6, 0xc6, 0xc6, 0xc6, 0xc6, 0x7c, 0x00, 0x00, 0x00, 0x00
   325 00000AD2 C6C67C00000000      <1>
   326 00000AD9 0018187EC3C0C0C0C3- <1> 	db 0x00, 0x18, 0x18, 0x7e, 0xc3, 0xc0, 0xc0, 0xc0, 0xc3, 0x7e, 0x18, 0x18, 0x00, 0x00, 0x00, 0x00
   326 00000AE2 7E181800000000      <1>
   327 00000AE9 00386C6460F0606060- <1> 	db 0x00, 0x38, 0x6c, 0x64, 0x60, 0xf0, 0x60, 0x60, 0x60, 0x60, 0xe6, 0xfc, 0x00, 0x00, 0x00, 0x00
   327 00000AF2 60E6FC00000000      <1>
   328 00000AF9 0000C3663C18FF18FF- <1> 	db 0x00, 0x00, 0xc3, 0x66, 0x3c, 0x18, 0xff, 0x18, 0xff, 0x18, 0x18, 0x18, 0x00, 0x00, 0x00, 0x00
   328 00000B02 18181800000000      <1>
   329 00000B09 00FC66667C62666F66- <1> 	db 0x00, 0xfc, 0x66, 0x66, 0x7c, 0x62, 0x66, 0x6f, 0x66, 0x66, 0x66, 0xf3, 0x00, 0x00, 0x00, 0x00
   329 00000B12 6666F300000000      <1>
   330 00000B19 000E1B1818187E1818- <1> 	db 0x00, 0x0e, 0x1b, 0x18, 0x18, 0x18, 0x7e, 0x18, 0x18, 0x18, 0x18, 0x18, 0xd8, 0x70, 0x00, 0x00
   330 00000B22 181818D8700000      <1>
   331 00000B29 0018306000780C7CCC- <1> 	db 0x00, 0x18, 0x30, 0x60, 0x00, 0x78, 0x0c, 0x7c, 0xcc, 0xcc, 0xcc, 0x76, 0x00, 0x00, 0x00, 0x00
   331 00000B32 CCCC7600000000      <1>
   332 00000B39 000C18300038181818- <1> 	db 0x00, 0x0c, 0x18, 0x30, 0x00, 0x38, 0x18, 0x18, 0x18, 0x18, 0x18, 0x3c, 0x00, 0x00, 0x00, 0x00
   332 00000B42 18183C00000000      <1>
   333 00000B49 00183060007CC6C6C6- <1> 	db 0x00, 0x18, 0x30, 0x60, 0x00, 0x7c, 0xc6, 0xc6, 0xc6, 0xc6, 0xc6, 0x7c, 0x00, 0x00, 0x00, 0x00
   333 00000B52 C6C67C00000000      <1>
   334 00000B59 0018306000CCCCCCCC- <1> 	db 0x00, 0x18, 0x30, 0x60, 0x00, 0xcc, 0xcc, 0xcc, 0xcc, 0xcc, 0xcc, 0x76, 0x00, 0x00, 0x00, 0x00
   334 00000B62 CCCC7600000000      <1>
   335 00000B69 000076DC00DC666666- <1> 	db 0x00, 0x00, 0x76, 0xdc, 0x00, 0xdc, 0x66, 0x66, 0x66, 0x66, 0x66, 0x66, 0x00, 0x00, 0x00, 0x00
   335 00000B72 66666600000000      <1>
   336 00000B79 76DC00C6E6F6FEDECE- <1> 	db 0x76, 0xdc, 0x00, 0xc6, 0xe6, 0xf6, 0xfe, 0xde, 0xce, 0xc6, 0xc6, 0xc6, 0x00, 0x00, 0x00, 0x00
   336 00000B82 C6C6C600000000      <1>
   337 00000B89 003C6C6C3E007E0000- <1> 	db 0x00, 0x3c, 0x6c, 0x6c, 0x3e, 0x00, 0x7e, 0x00, 0x00, 0x00, 0x00, 0x00, 0x00, 0x00, 0x00, 0x00
   337 00000B92 00000000000000      <1>
   338 00000B99 00386C6C38007C0000- <1> 	db 0x00, 0x38, 0x6c, 0x6c, 0x38, 0x00, 0x7c, 0x00, 0x00, 0x00, 0x00, 0x00, 0x00, 0x00, 0x00, 0x00
   338 00000BA2 00000000000000      <1>
   339 00000BA9 0000303000303060C0- <1> 	db 0x00, 0x00, 0x30, 0x30, 0x00, 0x30, 0x30, 0x60, 0xc0, 0xc6, 0xc6, 0x7c, 0x00, 0x00, 0x00, 0x00
   339 00000BB2 C6C67C00000000      <1>
   340 00000BB9 000000000000FEC0C0- <1> 	db 0x00, 0x00, 0x00, 0x00, 0x00, 0x00, 0xfe, 0xc0, 0xc0, 0xc0, 0xc0, 0x00, 0x00, 0x00, 0x00, 0x00
   340 00000BC2 C0C00000000000      <1>
   341 00000BC9 000000000000FE0606- <1> 	db 0x00, 0x00, 0x00, 0x00, 0x00, 0x00, 0xfe, 0x06, 0x06, 0x06, 0x06, 0x00, 0x00, 0x00, 0x00, 0x00
   341 00000BD2 06060000000000      <1>
   342 00000BD9 00C0C0C2C6CC183060- <1> 	db 0x00, 0xc0, 0xc0, 0xc2, 0xc6, 0xcc, 0x18, 0x30, 0x60, 0xce, 0x9b, 0x06, 0x0c, 0x1f, 0x00, 0x00
   342 00000BE2 CE9B060C1F0000      <1>
   343 00000BE9 00C0C0C2C6CC183066- <1> 	db 0x00, 0xc0, 0xc0, 0xc2, 0xc6, 0xcc, 0x18, 0x30, 0x66, 0xce, 0x96, 0x3e, 0x06, 0x06, 0x00, 0x00
   343 00000BF2 CE963E06060000      <1>
   344 00000BF9 00001818001818183C- <1> 	db 0x00, 0x00, 0x18, 0x18, 0x00, 0x18, 0x18, 0x18, 0x3c, 0x3c, 0x3c, 0x18, 0x00, 0x00, 0x00, 0x00
   344 00000C02 3C3C1800000000      <1>
   345 00000C09 0000000000366CD86C- <1> 	db 0x00, 0x00, 0x00, 0x00, 0x00, 0x36, 0x6c, 0xd8, 0x6c, 0x36, 0x00, 0x00, 0x00, 0x00, 0x00, 0x00
   345 00000C12 36000000000000      <1>
   346 00000C19 0000000000D86C366C- <1> 	db 0x00, 0x00, 0x00, 0x00, 0x00, 0xd8, 0x6c, 0x36, 0x6c, 0xd8, 0x00, 0x00, 0x00, 0x00, 0x00, 0x00
   346 00000C22 D8000000000000      <1>
   347 00000C29 114411441144114411- <1> 	db 0x11, 0x44, 0x11, 0x44, 0x11, 0x44, 0x11, 0x44, 0x11, 0x44, 0x11, 0x44, 0x11, 0x44, 0x11, 0x44
   347 00000C32 44114411441144      <1>
   348 00000C39 55AA55AA55AA55AA55- <1> 	db 0x55, 0xaa, 0x55, 0xaa, 0x55, 0xaa, 0x55, 0xaa, 0x55, 0xaa, 0x55, 0xaa, 0x55, 0xaa, 0x55, 0xaa
   348 00000C42 AA55AA55AA55AA      <1>
   349 00000C49 DD77DD77DD77DD77DD- <1> 	db 0xdd, 0x77, 0xdd, 0x77, 0xdd, 0x77, 0xdd, 0x77, 0xdd, 0x77, 0xdd, 0x77, 0xdd, 0x77, 0xdd, 0x77
   349 00000C52 77DD77DD77DD77      <1>
   350 00000C59 181818181818181818- <1> 	db 0x18, 0x18, 0x18, 0x18, 0x18, 0x18, 0x18, 0x18, 0x18, 0x18, 0x18, 0x18, 0x18, 0x18, 0x18, 0x18
   350 00000C62 18181818181818      <1>
   351 00000C69 18181818181818F818- <1> 	db 0x18, 0x18, 0x18, 0x18, 0x18, 0x18, 0x18, 0xf8, 0x18, 0x18, 0x18, 0x18, 0x18, 0x18, 0x18, 0x18
   351 00000C72 18181818181818      <1>
   352 00000C79 1818181818F818F818- <1> 	db 0x18, 0x18, 0x18, 0x18, 0x18, 0xf8, 0x18, 0xf8, 0x18, 0x18, 0x18, 0x18, 0x18, 0x18, 0x18, 0x18
   352 00000C82 18181818181818      <1>
   353 00000C89 36363636363636F636- <1> 	db 0x36, 0x36, 0x36, 0x36, 0x36, 0x36, 0x36, 0xf6, 0x36, 0x36, 0x36, 0x36, 0x36, 0x36, 0x36, 0x36
   353 00000C92 36363636363636      <1>
   354 00000C99 00000000000000FE36- <1> 	db 0x00, 0x00, 0x00, 0x00, 0x00, 0x00, 0x00, 0xfe, 0x36, 0x36, 0x36, 0x36, 0x36, 0x36, 0x36, 0x36
   354 00000CA2 36363636363636      <1>
   355 00000CA9 0000000000F818F818- <1> 	db 0x00, 0x00, 0x00, 0x00, 0x00, 0xf8, 0x18, 0xf8, 0x18, 0x18, 0x18, 0x18, 0x18, 0x18, 0x18, 0x18
   355 00000CB2 18181818181818      <1>
   356 00000CB9 3636363636F606F636- <1> 	db 0x36, 0x36, 0x36, 0x36, 0x36, 0xf6, 0x06, 0xf6, 0x36, 0x36, 0x36, 0x36, 0x36, 0x36, 0x36, 0x36
   356 00000CC2 36363636363636      <1>
   357 00000CC9 363636363636363636- <1> 	db 0x36, 0x36, 0x36, 0x36, 0x36, 0x36, 0x36, 0x36, 0x36, 0x36, 0x36, 0x36, 0x36, 0x36, 0x36, 0x36
   357 00000CD2 36363636363636      <1>
   358 00000CD9 0000000000FE06F636- <1> 	db 0x00, 0x00, 0x00, 0x00, 0x00, 0xfe, 0x06, 0xf6, 0x36, 0x36, 0x36, 0x36, 0x36, 0x36, 0x36, 0x36
   358 00000CE2 36363636363636      <1>
   359 00000CE9 3636363636F606FE00- <1> 	db 0x36, 0x36, 0x36, 0x36, 0x36, 0xf6, 0x06, 0xfe, 0x00, 0x00, 0x00, 0x00, 0x00, 0x00, 0x00, 0x00
   359 00000CF2 00000000000000      <1>
   360 00000CF9 36363636363636FE00- <1> 	db 0x36, 0x36, 0x36, 0x36, 0x36, 0x36, 0x36, 0xfe, 0x00, 0x00, 0x00, 0x00, 0x00, 0x00, 0x00, 0x00
   360 00000D02 00000000000000      <1>
   361 00000D09 1818181818F818F800- <1> 	db 0x18, 0x18, 0x18, 0x18, 0x18, 0xf8, 0x18, 0xf8, 0x00, 0x00, 0x00, 0x00, 0x00, 0x00, 0x00, 0x00
   361 00000D12 00000000000000      <1>
   362 00000D19 00000000000000F818- <1> 	db 0x00, 0x00, 0x00, 0x00, 0x00, 0x00, 0x00, 0xf8, 0x18, 0x18, 0x18, 0x18, 0x18, 0x18, 0x18, 0x18
   362 00000D22 18181818181818      <1>
   363 00000D29 181818181818181F00- <1> 	db 0x18, 0x18, 0x18, 0x18, 0x18, 0x18, 0x18, 0x1f, 0x00, 0x00, 0x00, 0x00, 0x00, 0x00, 0x00, 0x00
   363 00000D32 00000000000000      <1>
   364 00000D39 18181818181818FF00- <1> 	db 0x18, 0x18, 0x18, 0x18, 0x18, 0x18, 0x18, 0xff, 0x00, 0x00, 0x00, 0x00, 0x00, 0x00, 0x00, 0x00
   364 00000D42 00000000000000      <1>
   365 00000D49 00000000000000FF18- <1> 	db 0x00, 0x00, 0x00, 0x00, 0x00, 0x00, 0x00, 0xff, 0x18, 0x18, 0x18, 0x18, 0x18, 0x18, 0x18, 0x18
   365 00000D52 18181818181818      <1>
   366 00000D59 181818181818181F18- <1> 	db 0x18, 0x18, 0x18, 0x18, 0x18, 0x18, 0x18, 0x1f, 0x18, 0x18, 0x18, 0x18, 0x18, 0x18, 0x18, 0x18
   366 00000D62 18181818181818      <1>
   367 00000D69 00000000000000FF00- <1> 	db 0x00, 0x00, 0x00, 0x00, 0x00, 0x00, 0x00, 0xff, 0x00, 0x00, 0x00, 0x00, 0x00, 0x00, 0x00, 0x00
   367 00000D72 00000000000000      <1>
   368 00000D79 18181818181818FF18- <1> 	db 0x18, 0x18, 0x18, 0x18, 0x18, 0x18, 0x18, 0xff, 0x18, 0x18, 0x18, 0x18, 0x18, 0x18, 0x18, 0x18
   368 00000D82 18181818181818      <1>
   369 00000D89 18181818181F181F18- <1> 	db 0x18, 0x18, 0x18, 0x18, 0x18, 0x1f, 0x18, 0x1f, 0x18, 0x18, 0x18, 0x18, 0x18, 0x18, 0x18, 0x18
   369 00000D92 18181818181818      <1>
   370 00000D99 363636363636363736- <1> 	db 0x36, 0x36, 0x36, 0x36, 0x36, 0x36, 0x36, 0x37, 0x36, 0x36, 0x36, 0x36, 0x36, 0x36, 0x36, 0x36
   370 00000DA2 36363636363636      <1>
   371 00000DA9 363636363637303F00- <1> 	db 0x36, 0x36, 0x36, 0x36, 0x36, 0x37, 0x30, 0x3f, 0x00, 0x00, 0x00, 0x00, 0x00, 0x00, 0x00, 0x00
   371 00000DB2 00000000000000      <1>
   372 00000DB9 00000000003F303736- <1> 	db 0x00, 0x00, 0x00, 0x00, 0x00, 0x3f, 0x30, 0x37, 0x36, 0x36, 0x36, 0x36, 0x36, 0x36, 0x36, 0x36
   372 00000DC2 36363636363636      <1>
   373 00000DC9 3636363636F700FF00- <1> 	db 0x36, 0x36, 0x36, 0x36, 0x36, 0xf7, 0x00, 0xff, 0x00, 0x00, 0x00, 0x00, 0x00, 0x00, 0x00, 0x00
   373 00000DD2 00000000000000      <1>
   374 00000DD9 0000000000FF00F736- <1> 	db 0x00, 0x00, 0x00, 0x00, 0x00, 0xff, 0x00, 0xf7, 0x36, 0x36, 0x36, 0x36, 0x36, 0x36, 0x36, 0x36
   374 00000DE2 36363636363636      <1>
   375 00000DE9 363636363637303736- <1> 	db 0x36, 0x36, 0x36, 0x36, 0x36, 0x37, 0x30, 0x37, 0x36, 0x36, 0x36, 0x36, 0x36, 0x36, 0x36, 0x36
   375 00000DF2 36363636363636      <1>
   376 00000DF9 0000000000FF00FF00- <1> 	db 0x00, 0x00, 0x00, 0x00, 0x00, 0xff, 0x00, 0xff, 0x00, 0x00, 0x00, 0x00, 0x00, 0x00, 0x00, 0x00
   376 00000E02 00000000000000      <1>
   377 00000E09 3636363636F700F736- <1> 	db 0x36, 0x36, 0x36, 0x36, 0x36, 0xf7, 0x00, 0xf7, 0x36, 0x36, 0x36, 0x36, 0x36, 0x36, 0x36, 0x36
   377 00000E12 36363636363636      <1>
   378 00000E19 1818181818FF00FF00- <1> 	db 0x18, 0x18, 0x18, 0x18, 0x18, 0xff, 0x00, 0xff, 0x00, 0x00, 0x00, 0x00, 0x00, 0x00, 0x00, 0x00
   378 00000E22 00000000000000      <1>
   379 00000E29 36363636363636FF00- <1> 	db 0x36, 0x36, 0x36, 0x36, 0x36, 0x36, 0x36, 0xff, 0x00, 0x00, 0x00, 0x00, 0x00, 0x00, 0x00, 0x00
   379 00000E32 00000000000000      <1>
   380 00000E39 0000000000FF00FF18- <1> 	db 0x00, 0x00, 0x00, 0x00, 0x00, 0xff, 0x00, 0xff, 0x18, 0x18, 0x18, 0x18, 0x18, 0x18, 0x18, 0x18
   380 00000E42 18181818181818      <1>
   381 00000E49 00000000000000FF36- <1> 	db 0x00, 0x00, 0x00, 0x00, 0x00, 0x00, 0x00, 0xff, 0x36, 0x36, 0x36, 0x36, 0x36, 0x36, 0x36, 0x36
   381 00000E52 36363636363636      <1>
   382 00000E59 363636363636363F00- <1> 	db 0x36, 0x36, 0x36, 0x36, 0x36, 0x36, 0x36, 0x3f, 0x00, 0x00, 0x00, 0x00, 0x00, 0x00, 0x00, 0x00
   382 00000E62 00000000000000      <1>
   383 00000E69 18181818181F181F00- <1> 	db 0x18, 0x18, 0x18, 0x18, 0x18, 0x1f, 0x18, 0x1f, 0x00, 0x00, 0x00, 0x00, 0x00, 0x00, 0x00, 0x00
   383 00000E72 00000000000000      <1>
   384 00000E79 00000000001F181F18- <1> 	db 0x00, 0x00, 0x00, 0x00, 0x00, 0x1f, 0x18, 0x1f, 0x18, 0x18, 0x18, 0x18, 0x18, 0x18, 0x18, 0x18
   384 00000E82 18181818181818      <1>
   385 00000E89 000000000000003F36- <1> 	db 0x00, 0x00, 0x00, 0x00, 0x00, 0x00, 0x00, 0x3f, 0x36, 0x36, 0x36, 0x36, 0x36, 0x36, 0x36, 0x36
   385 00000E92 36363636363636      <1>
   386 00000E99 36363636363636FF36- <1> 	db 0x36, 0x36, 0x36, 0x36, 0x36, 0x36, 0x36, 0xff, 0x36, 0x36, 0x36, 0x36, 0x36, 0x36, 0x36, 0x36
   386 00000EA2 36363636363636      <1>
   387 00000EA9 1818181818FF18FF18- <1> 	db 0x18, 0x18, 0x18, 0x18, 0x18, 0xff, 0x18, 0xff, 0x18, 0x18, 0x18, 0x18, 0x18, 0x18, 0x18, 0x18
   387 00000EB2 18181818181818      <1>
   388 00000EB9 18181818181818F800- <1> 	db 0x18, 0x18, 0x18, 0x18, 0x18, 0x18, 0x18, 0xf8, 0x00, 0x00, 0x00, 0x00, 0x00, 0x00, 0x00, 0x00
   388 00000EC2 00000000000000      <1>
   389 00000EC9 000000000000001F18- <1> 	db 0x00, 0x00, 0x00, 0x00, 0x00, 0x00, 0x00, 0x1f, 0x18, 0x18, 0x18, 0x18, 0x18, 0x18, 0x18, 0x18
   389 00000ED2 18181818181818      <1>
   390 00000ED9 FFFFFFFFFFFFFFFFFF- <1> 	db 0xff, 0xff, 0xff, 0xff, 0xff, 0xff, 0xff, 0xff, 0xff, 0xff, 0xff, 0xff, 0xff, 0xff, 0xff, 0xff
   390 00000EE2 FFFFFFFFFFFFFF      <1>
   391 00000EE9 00000000000000FFFF- <1> 	db 0x00, 0x00, 0x00, 0x00, 0x00, 0x00, 0x00, 0xff, 0xff, 0xff, 0xff, 0xff, 0xff, 0xff, 0xff, 0xff
   391 00000EF2 FFFFFFFFFFFFFF      <1>
   392 00000EF9 F0F0F0F0F0F0F0F0F0- <1> 	db 0xf0, 0xf0, 0xf0, 0xf0, 0xf0, 0xf0, 0xf0, 0xf0, 0xf0, 0xf0, 0xf0, 0xf0, 0xf0, 0xf0, 0xf0, 0xf0
   392 00000F02 F0F0F0F0F0F0F0      <1>
   393 00000F09 0F0F0F0F0F0F0F0F0F- <1> 	db 0x0f, 0x0f, 0x0f, 0x0f, 0x0f, 0x0f, 0x0f, 0x0f, 0x0f, 0x0f, 0x0f, 0x0f, 0x0f, 0x0f, 0x0f, 0x0f
   393 00000F12 0F0F0F0F0F0F0F      <1>
   394 00000F19 FFFFFFFFFFFFFF0000- <1> 	db 0xff, 0xff, 0xff, 0xff, 0xff, 0xff, 0xff, 0x00, 0x00, 0x00, 0x00, 0x00, 0x00, 0x00, 0x00, 0x00
   394 00000F22 00000000000000      <1>
   395 00000F29 000000000076DCD8D8- <1> 	db 0x00, 0x00, 0x00, 0x00, 0x00, 0x76, 0xdc, 0xd8, 0xd8, 0xd8, 0xdc, 0x76, 0x00, 0x00, 0x00, 0x00
   395 00000F32 D8DC7600000000      <1>
   396 00000F39 000078CCCCCCD8CCC6- <1> 	db 0x00, 0x00, 0x78, 0xcc, 0xcc, 0xcc, 0xd8, 0xcc, 0xc6, 0xc6, 0xc6, 0xcc, 0x00, 0x00, 0x00, 0x00
   396 00000F42 C6C6CC00000000      <1>
   397 00000F49 0000FEC6C6C0C0C0C0- <1> 	db 0x00, 0x00, 0xfe, 0xc6, 0xc6, 0xc0, 0xc0, 0xc0, 0xc0, 0xc0, 0xc0, 0xc0, 0x00, 0x00, 0x00, 0x00
   397 00000F52 C0C0C000000000      <1>
   398 00000F59 00000000FE6C6C6C6C- <1> 	db 0x00, 0x00, 0x00, 0x00, 0xfe, 0x6c, 0x6c, 0x6c, 0x6c, 0x6c, 0x6c, 0x6c, 0x00, 0x00, 0x00, 0x00
   398 00000F62 6C6C6C00000000      <1>
   399 00000F69 000000FEC660301830- <1> 	db 0x00, 0x00, 0x00, 0xfe, 0xc6, 0x60, 0x30, 0x18, 0x30, 0x60, 0xc6, 0xfe, 0x00, 0x00, 0x00, 0x00
   399 00000F72 60C6FE00000000      <1>
   400 00000F79 00000000007ED8D8D8- <1> 	db 0x00, 0x00, 0x00, 0x00, 0x00, 0x7e, 0xd8, 0xd8, 0xd8, 0xd8, 0xd8, 0x70, 0x00, 0x00, 0x00, 0x00
   400 00000F82 D8D87000000000      <1>
   401 00000F89 000000006666666666- <1> 	db 0x00, 0x00, 0x00, 0x00, 0x66, 0x66, 0x66, 0x66, 0x66, 0x7c, 0x60, 0x60, 0xc0, 0x00, 0x00, 0x00
   401 00000F92 7C6060C0000000      <1>
   402 00000F99 0000000076DC181818- <1> 	db 0x00, 0x00, 0x00, 0x00, 0x76, 0xdc, 0x18, 0x18, 0x18, 0x18, 0x18, 0x18, 0x00, 0x00, 0x00, 0x00
   402 00000FA2 18181800000000      <1>
   403 00000FA9 0000007E183C666666- <1> 	db 0x00, 0x00, 0x00, 0x7e, 0x18, 0x3c, 0x66, 0x66, 0x66, 0x3c, 0x18, 0x7e, 0x00, 0x00, 0x00, 0x00
   403 00000FB2 3C187E00000000      <1>
   404 00000FB9 000000386CC6C6FEC6- <1> 	db 0x00, 0x00, 0x00, 0x38, 0x6c, 0xc6, 0xc6, 0xfe, 0xc6, 0xc6, 0x6c, 0x38, 0x00, 0x00, 0x00, 0x00
   404 00000FC2 C66C3800000000      <1>
   405 00000FC9 0000386CC6C6C66C6C- <1> 	db 0x00, 0x00, 0x38, 0x6c, 0xc6, 0xc6, 0xc6, 0x6c, 0x6c, 0x6c, 0x6c, 0xee, 0x00, 0x00, 0x00, 0x00
   405 00000FD2 6C6CEE00000000      <1>
   406 00000FD9 00001E30180C3E6666- <1> 	db 0x00, 0x00, 0x1e, 0x30, 0x18, 0x0c, 0x3e, 0x66, 0x66, 0x66, 0x66, 0x3c, 0x00, 0x00, 0x00, 0x00
   406 00000FE2 66663C00000000      <1>
   407 00000FE9 00000000007EDBDBDB- <1> 	db 0x00, 0x00, 0x00, 0x00, 0x00, 0x7e, 0xdb, 0xdb, 0xdb, 0x7e, 0x00, 0x00, 0x00, 0x00, 0x00, 0x00
   407 00000FF2 7E000000000000      <1>
   408 00000FF9 00000003067EDBDBF3- <1> 	db 0x00, 0x00, 0x00, 0x03, 0x06, 0x7e, 0xdb, 0xdb, 0xf3, 0x7e, 0x60, 0xc0, 0x00, 0x00, 0x00, 0x00
   408 00001002 7E60C000000000      <1>
   409 00001009 00001C3060607C6060- <1> 	db 0x00, 0x00, 0x1c, 0x30, 0x60, 0x60, 0x7c, 0x60, 0x60, 0x60, 0x30, 0x1c, 0x00, 0x00, 0x00, 0x00
   409 00001012 60301C00000000      <1>
   410 00001019 0000007CC6C6C6C6C6- <1> 	db 0x00, 0x00, 0x00, 0x7c, 0xc6, 0xc6, 0xc6, 0xc6, 0xc6, 0xc6, 0xc6, 0xc6, 0x00, 0x00, 0x00, 0x00
   410 00001022 C6C6C600000000      <1>
   411 00001029 00000000FE0000FE00- <1> 	db 0x00, 0x00, 0x00, 0x00, 0xfe, 0x00, 0x00, 0xfe, 0x00, 0x00, 0xfe, 0x00, 0x00, 0x00, 0x00, 0x00
   411 00001032 00FE0000000000      <1>
   412 00001039 0000000018187E1818- <1> 	db 0x00, 0x00, 0x00, 0x00, 0x18, 0x18, 0x7e, 0x18, 0x18, 0x00, 0x00, 0xff, 0x00, 0x00, 0x00, 0x00
   412 00001042 0000FF00000000      <1>
   413 00001049 00000030180C060C18- <1> 	db 0x00, 0x00, 0x00, 0x30, 0x18, 0x0c, 0x06, 0x0c, 0x18, 0x30, 0x00, 0x7e, 0x00, 0x00, 0x00, 0x00
   413 00001052 30007E00000000      <1>
   414 00001059 0000000C1830603018- <1> 	db 0x00, 0x00, 0x00, 0x0c, 0x18, 0x30, 0x60, 0x30, 0x18, 0x0c, 0x00, 0x7e, 0x00, 0x00, 0x00, 0x00
   414 00001062 0C007E00000000      <1>
   415 00001069 00000E1B1B18181818- <1> 	db 0x00, 0x00, 0x0e, 0x1b, 0x1b, 0x18, 0x18, 0x18, 0x18, 0x18, 0x18, 0x18, 0x18, 0x18, 0x18, 0x18
   415 00001072 18181818181818      <1>
   416 00001079 1818181818181818D8- <1> 	db 0x18, 0x18, 0x18, 0x18, 0x18, 0x18, 0x18, 0x18, 0xd8, 0xd8, 0xd8, 0x70, 0x00, 0x00, 0x00, 0x00
   416 00001082 D8D87000000000      <1>
   417 00001089 000000001818007E00- <1> 	db 0x00, 0x00, 0x00, 0x00, 0x18, 0x18, 0x00, 0x7e, 0x00, 0x18, 0x18, 0x00, 0x00, 0x00, 0x00, 0x00
   417 00001092 18180000000000      <1>
   418 00001099 000000000076DC0076- <1> 	db 0x00, 0x00, 0x00, 0x00, 0x00, 0x76, 0xdc, 0x00, 0x76, 0xdc, 0x00, 0x00, 0x00, 0x00, 0x00, 0x00
   418 000010A2 DC000000000000      <1>
   419 000010A9 00386C6C3800000000- <1> 	db 0x00, 0x38, 0x6c, 0x6c, 0x38, 0x00, 0x00, 0x00, 0x00, 0x00, 0x00, 0x00, 0x00, 0x00, 0x00, 0x00
   419 000010B2 00000000000000      <1>
   420 000010B9 000000000000001818- <1> 	db 0x00, 0x00, 0x00, 0x00, 0x00, 0x00, 0x00, 0x18, 0x18, 0x00, 0x00, 0x00, 0x00, 0x00, 0x00, 0x00
   420 000010C2 00000000000000      <1>
   421 000010C9 000000000000000018- <1> 	db 0x00, 0x00, 0x00, 0x00, 0x00, 0x00, 0x00, 0x00, 0x18, 0x00, 0x00, 0x00, 0x00, 0x00, 0x00, 0x00
   421 000010D2 00000000000000      <1>
   422 000010D9 000F0C0C0C0C0CEC6C- <1> 	db 0x00, 0x0f, 0x0c, 0x0c, 0x0c, 0x0c, 0x0c, 0xec, 0x6c, 0x6c, 0x3c, 0x1c, 0x00, 0x00, 0x00, 0x00
   422 000010E2 6C3C1C00000000      <1>
   423 000010E9 00D86C6C6C6C6C0000- <1> 	db 0x00, 0xd8, 0x6c, 0x6c, 0x6c, 0x6c, 0x6c, 0x00, 0x00, 0x00, 0x00, 0x00, 0x00, 0x00, 0x00, 0x00
   423 000010F2 00000000000000      <1>
   424 000010F9 0070D83060C8F80000- <1> 	db 0x00, 0x70, 0xd8, 0x30, 0x60, 0xc8, 0xf8, 0x00, 0x00, 0x00, 0x00, 0x00, 0x00, 0x00, 0x00, 0x00
   424 00001102 00000000000000      <1>
   425 00001109 000000007C7C7C7C7C- <1> 	db 0x00, 0x00, 0x00, 0x00, 0x7c, 0x7c, 0x7c, 0x7c, 0x7c, 0x7c, 0x7c, 0x00, 0x00, 0x00, 0x00, 0x00
   425 00001112 7C7C0000000000      <1>
   426 00001119 000000000000000000- <1> 	db 0x00, 0x00, 0x00, 0x00, 0x00, 0x00, 0x00, 0x00, 0x00, 0x00, 0x00, 0x00, 0x00, 0x00, 0x00, 0x00
   426 00001122 00000000000000      <1>
   427                              <1> 
   428                              <1> ;--------------------------------------------------------------------------------
   429                              <1> ; Punto de entrada
   430                              <1> ;--------------------------------------------------------------------------------
   431                              <1> bios_init:
   432                              <1> 
   433                              <1> ; Recorrer bus PCI. Bochs solo soporta bus cero ya que no tiene "PCI to PCI bridge".
   434                              <1> ; Cada bus tiene hasta 32 dispositivos.
   435                              <1> ; Si el dispositivo es compuesto puede tener hasta 8 funciones.
   436                              <1> ; Formato puerto 0x0CF8:
   437                              <1> ; Bit 31 = Siempre a "1"
   438                              <1> ; Bits 30-24 = Reservado (siempre a "0")
   439                              <1> ; Bits 23-16 = Número de bus (0 en nuestra aplicación)
   440                              <1> ; Bits 15-11 = Número de dispositivo (0-31)
   441                              <1> ; Bits 10-8 = Número de función (0-7)
   442                              <1> ; Bits 7-2 = Número de registro
   443                              <1> ; Bits 1-0: Siempre cero.
   444                              <1> 
   445                              <1> recorrer_bus_pci:
   446 00001129 66BD00400000        <1> 	mov 	ebp, 0x4000     	; Primera dirección de entrada/salida para PCI.
   447 0000112F 66BF000000C0        <1> 	mov 	edi, 0xC0000000 	; Primera dirección a asignar a dispositivos PCI.
   448 00001135 66BE00000080        <1> 	mov 	esi, 0x80000000 	; Bus 0, dispositivo 0, función 0.
   449                              <1> 
   450                              <1> ciclo_recorrer_bus_pci:
   451 0000113B 6681FE00000180      <1> 	cmp 	esi, 0x80010000 	; Verificar si se recorrió todo el bus 0.
   452 00001142 0F843001            <1> 	jz 		fin_recorrido_pci
   453                              <1> 								; Leer registro 0: Bits 31-16: device ID,
   454                              <1> leer_registro_pci 0        		; Bits 15-0: vendor ID.
   454 00001146 66B800000000        <2>  mov eax, %1
   454 0000114C 6609F0              <2>  or eax, esi
   454 0000114F BAF80C              <2>  mov dx, 0x0CF8
   454 00001152 66EF                <2>  out dx, eax
   454 00001154 BAFC0C              <2>  mov dx, 0x0CFC
   454 00001157 66ED                <2>  in eax, dx
   455 00001159 83F8FF              <1> 	cmp 	ax, 0xFFFF      	; Vendor ID 0xFFFF no existe.
   456 0000115C 7509                <1> 	jnz 	dispositivo_hallado
   457 0000115E 6681C600080000      <1> 	add 	esi,0x0800     		; Ir al siguiente dispositivo
   458 00001165 EBD4                <1> 	jmp 	ciclo_recorrer_bus_pci
   459                              <1> 
   460                              <1> dispositivo_hallado:			; Leer registro 0x0C: Bit 23: multiple function bit
   461                              <1> 	leer_registro_pci 0x0C
   461 00001167 66B80C000000        <2>  mov eax, %1
   461 0000116D 6609F0              <2>  or eax, esi
   461 00001170 BAF80C              <2>  mov dx, 0x0CF8
   461 00001173 66EF                <2>  out dx, eax
   461 00001175 BAFC0C              <2>  mov dx, 0x0CFC
   461 00001178 66ED                <2>  in eax, dx
   462 0000117A B508                <1> 	mov 	ch, 8       	    ; Cantidad de funciones a procesar.
   463 0000117C 660FBAE017          <1> 	bt 		eax, 23
   464 00001181 7202                <1> 	jc 		procesar_funcion
   465 00001183 B501                <1> 	mov 	ch, 1
   466                              <1> 	
   467                              <1> procesar_funcion:				; Leer registro 0: Bits 31-16: device ID,
   468                              <1> 	leer_registro_pci 0      	; Bits 15-0: vendor ID.
   468 00001185 66B800000000        <2>  mov eax, %1
   468 0000118B 6609F0              <2>  or eax, esi
   468 0000118E BAF80C              <2>  mov dx, 0x0CF8
   468 00001191 66EF                <2>  out dx, eax
   468 00001193 BAFC0C              <2>  mov dx, 0x0CFC
   468 00001196 66ED                <2>  in eax, dx
   469 00001198 83F8FF              <1> 	cmp  	ax, 0xFFFF    		; Vendor ID 0xFFFF no existe.
   470 0000119B 7523                <1> 	jnz 	funcion_hallada   
   471                              <1> 
   472                              <1> ir_a_siguiente_funcion:
   473 0000119D 6681C600010000      <1> 	add 	esi, 0x0100    		; Ir a la siguiente función
   474 000011A4 FECD                <1> 	dec 	ch
   475 000011A6 75DD                <1> 	jnz 	procesar_funcion
   476 000011A8 6681EE00010000      <1> 	sub 	esi, 0x0100     	; Ir al siguiente dispositivo
   477 000011AF 6681CE00070000      <1> 	or		esi, 0x0700
   478 000011B6 6681C600010000      <1> 	add 	esi, 0x0100
   479 000011BD E97BFF              <1> 	jmp 	ciclo_recorrer_bus_pci
   480                              <1> 
   481                              <1> funcion_hallada:				; Leer registro 0x0C: Bits 22-16: header type
   482                              <1> 	leer_registro_pci 0x0C
   482 000011C0 66B80C000000        <2>  mov eax, %1
   482 000011C6 6609F0              <2>  or eax, esi
   482 000011C9 BAF80C              <2>  mov dx, 0x0CF8
   482 000011CC 66EF                <2>  out dx, eax
   482 000011CE BAFC0C              <2>  mov dx, 0x0CFC
   482 000011D1 66ED                <2>  in eax, dx
   483 000011D3 66A900007F00        <1> 	test 	eax,0x007F0000 		; Solo soportamos header type cero.
   484 000011D9 75C2                <1> 	jnz 	ir_a_siguiente_funcion
   485                              <1> 	leer_registro_pci 0x08		; Leer clase y subclase.
   485 000011DB 66B808000000        <2>  mov eax, %1
   485 000011E1 6609F0              <2>  or eax, esi
   485 000011E4 BAF80C              <2>  mov dx, 0x0CF8
   485 000011E7 66EF                <2>  out dx, eax
   485 000011E9 BAFC0C              <2>  mov dx, 0x0CFC
   485 000011EC 66ED                <2>  in eax, dx
   486 000011EE B110                <1> 	mov 	cl, 0x10         	; Apuntar al primer Base Address Register (BAR)
   487                              <1> 
   488                              <1> ciclo_llenar_BAR:
   489 000011F0 660FB6C1            <1> 	movzx 	eax, cl
   490 000011F4 6609F0              <1> 	or 		eax, esi 
   491 000011F7 BAF80C              <1> 	mov		dx, 0x0CF8
   492 000011FA 66EF                <1> 	out		dx, eax
   493 000011FC 66B8FFFFFFFF        <1> 	mov 	eax, 0xFFFFFFFF  	; Escribir 0xFFFFFFFF en el BAR
   494 00001202 BAFC0C              <1> 	mov 	dx, 0x0CFC  
   495 00001205 66EF                <1> 	out 	dx, eax
   496 00001207 660FB6C1            <1> 	movzx 	eax, cl
   497                              <1> 	leer_registro_pci eax 		; Leerlo.
   497 0000120B 6689C0              <2>  mov eax, %1
   497 0000120E 6609F0              <2>  or eax, esi
   497 00001211 BAF80C              <2>  mov dx, 0x0CF8
   497 00001214 66EF                <2>  out dx, eax
   497 00001216 BAFC0C              <2>  mov dx, 0x0CFC
   497 00001219 66ED                <2>  in eax, dx
   498 0000121B A801                <1> 	test 	al, 1           	; Ver si el dispositivo está mapeado en memoria.
   499 0000121D 741E                <1> 	jz 		mapeado_en_memoria
   500 0000121F 83E0FC              <1> 	and  	ax, 0xFFFC       	; Eliminar los dos bits que no se usan para ports.
   501 00001222 7445                <1> 	jz 		ajustar_siguiente_BAR  ; El dispositivo no usa este BAR.
   502 00001224 66F7D0              <1> 	not 	eax             	; Convertir en cantidad de bytes que se usa - 1.
   503 00001227 6689C3              <1> 	mov 	ebx, eax
   504 0000122A 4D                  <1> 	dec 	bp              	; Poner BP en dirección múltiplo de la cantidad
   505 0000122B 09C5                <1> 	or 		bp, ax            	; de bytes que usa esta función.
   506 0000122D 45                  <1> 	inc 	bp
   507 0000122E 660FB6C1            <1> 	movzx 	eax, cl
   508 00001232 6609F0              <1> 	or 		eax, esi 
   509 00001235 BAF80C              <1> 	mov 	dx, 0x0CF8
   510 00001238 6689E8              <1> 	mov 	eax, ebp
   511 0000123B EB22                <1> 	jmp 	ajustar_BAR
   512                              <1> 
   513                              <1> mapeado_en_memoria:
   514 0000123D 6683E0F0            <1> 	and 	eax, 0xFFFFFFF0  	; Eliminar los 4 bits que no se usan para puntero.
   515 00001241 7426                <1> 	jz 		ajustar_siguiente_BAR  ; El dispositivo no usa este BAR.
   516 00001243 66F7D0              <1> 	not 	eax             	; Convertir en cantidad de bytes que se usa - 1.
   517 00001246 6689C3              <1> 	mov 	ebx, eax
   518 00001249 664F                <1> 	dec 	edi             	; Poner EDI en dirección múltiplo de la cantidad
   519 0000124B 6609C7              <1> 	or 		edi, eax          	; de bytes que usa esta función.
   520 0000124E 6647                <1> 	inc 	edi
   521 00001250 660FB6C1            <1> 	movzx 	eax, cl
   522 00001254 6609F0              <1> 	or 		eax, esi 
   523 00001257 BAF80C              <1> 	mov 	dx, 0x0CF8
   524 0000125A 66EF                <1> 	out 	dx, eax
   525 0000125C 6689F8              <1> 	mov 	eax, edi
   526                              <1> 
   527                              <1> ajustar_BAR:
   528 0000125F BAFC0C              <1> 	mov 	dx, 0x0CFC  
   529 00001262 66EF                <1> 	out 	dx, eax
   530 00001264 6601DD              <1> 	add 	ebp, ebx         	; Apuntar a puerto después de esta función.
   531 00001267 6645                <1> 	inc 	ebp
   532                              <1> 
   533                              <1> ajustar_siguiente_BAR:
   534 00001269 80C104              <1> 	add 	cl, 4          	  	; Apuntar al siguiente BAR.
   535 0000126C 80F928              <1> 	cmp 	cl, 0x28         	; Todos los BAR listos?
   536 0000126F 0F857DFF            <1> 	jnz 	ciclo_llenar_BAR
   537 00001273 E927FF              <1> 	jmp 	ir_a_siguiente_funcion
   538                              <1> fin_recorrido_pci:
   539                              <1>  
   540                              <1> ;--------------------------------------------------------------------------------
   541                              <1> ; Inicializar pantalla con texto
   542                              <1> ;--------------------------------------------------------------------------------
   543                              <1> habilitar_modo_texto:
   544                              <1> ; Set MISC regs
   545 00001276 BAC203              <1> 	mov 	dx, 0x3C2  			; VGA_MISC_ADDR
   546 00001279 B067                <1> 	mov 	al, 0x67
   547 0000127B EE                  <1> 	out 	dx, al
   548 0000127C BADA03              <1> 	mov 	dx, 0x3DA  			; VGA_STATUS_ADDR
   549 0000127F B000                <1> 	mov 	al, 0
   550 00001281 EE                  <1> 	out 	dx, al
   551                              <1> ; Send SEQ regs
   552 00001282 FC                  <1> 	cld
   553 00001283 B100                <1> 	mov 	cl, 0
   554 00001285 BE[2D00]            <1> 	mov 	si, seq_regs_data
   555                              <1> 
   556                              <1> seq_regs_loop:
   557 00001288 BAC403              <1> 	mov dx, 0x3C4  				; Puerto del secuenciador VGA (índice)
   558 0000128B 88C8                <1> 	mov al, cl
   559 0000128D EE                  <1> 	out dx, al
   560                              <1> 
   561 0000128E 42                  <1> 	inc 	dx         			; Puerto del secuenciador VGA (datos)
   562 0000128F 2EAC                <1> 	cs 	lodsb       			; Leer dato a escribit en puerto.
   563 00001291 EE                  <1> 	out 	dx, al     			; Escribir en controlador VGA.
   564                              <1> 
   565                              <1> ; continue loop
   566 00001292 FEC1                <1> 	inc 	cl         			; Siguiente índice.
   567 00001294 80F905              <1> 	cmp 	cl, 5
   568 00001297 75EF                <1> 	jne 	seq_regs_loop
   569                              <1> 
   570                              <1> ; Eliminar protección de los registros 0 a 7 del controlador VGA.
   571 00001299 B8112C              <1> 	mov 	ax, 0x2C11
   572 0000129C BAD403              <1> 	mov 	dx, 0x3D4  			; VGA_CRTC_ADDR
   573 0000129F EF                  <1> 	out 	dx, ax
   574                              <1> 
   575                              <1> ; send CRTC regs
   576 000012A0 B100                <1> 	mov 	cl, 0
   577 000012A2 BE[3200]            <1> 	mov 	si, crtc_regs_data
   578                              <1> crtc_regs_loop:
   579 000012A5 BAD403              <1> 	mov 	dx, 0x3D4  			; Puerto de índice del controlador VGA
   580 000012A8 88C8                <1> 	mov 	al, cl
   581 000012AA EE                  <1> 	out 	dx, al
   582 000012AB 2EAC                <1> 	cs 		lodsb
   583 000012AD 42                  <1> 	inc 	dx         			; Puerto de datos del controlador VGA.
   584 000012AE EE                  <1> 	out 	dx, al
   585 000012AF FEC1                <1> 	inc 	cl
   586 000012B1 80F919              <1> 	cmp 	cl, 25
   587 000012B4 72EF                <1> 	jb 	crtc_regs_loop
   588                              <1> 
   589                              <1> inicializar_paleta:
   590 000012B6 B100                <1> 	mov 	cl, 0
   591 000012B8 BE[6900]            <1> 	mov 	si, palette_data
   592                              <1> inicializar_paleta_loop:
   593 000012BB BAC803              <1> 	mov 	dx, 0x3C8 			; Puerto de índice paleta
   594 000012BE 88C8                <1> 	mov 	al, cl    			; Escribir número de registro
   595 000012C0 EE                  <1> 	out 	dx, al
   596 000012C1 42                  <1> 	inc 	dx        			; Apuntar al puerto de datos.
   597 000012C2 2EAC                <1> 	cs 		lodsb      			; Leer dato a cargar en el registro.
   598 000012C4 EE                  <1> 	out 	dx, al    			; Cargar dato en el registro.
   599 000012C5 2EAC                <1> 	cs 		lodsb      			; Leer dato a cargar en el registro.
   600 000012C7 EE                  <1> 	out		dx, al    			; Cargar dato en el registro.
   601 000012C8 2EAC                <1> 	cs 		lodsb      			; Leer dato a cargar en el registro.
   602 000012CA EE                  <1> 	out 	dx, al    			; Cargar dato en el registro.
   603 000012CB FEC1                <1> 	inc 	cl
   604 000012CD 80F940              <1> 	cmp 	cl,64
   605 000012D0 72E9                <1> 	jb 		inicializar_paleta_loop
   606                              <1> ;Inicializar registros del controlador gráfico de VGA.
   607 000012D2 B100                <1> 	mov 	cl, 0
   608 000012D4 BE[4B00]            <1> 	mov 	si, graphics_regs_data
   609                              <1> graphics_regs_loop:
   610                              <1> ; send register number to 3CE
   611 000012D7 BACE03              <1> 	mov 	dx, 0x3CE 			; VGA_GRAPHICS_CONTROLLER_ADDR
   612 000012DA 88C8                <1> 	mov 	al, cl
   613 000012DC EE                  <1> 	out 	dx, al
   614                              <1> 
   615                              <1> ; send register value to 3CF
   616 000012DD 2EAC                <1> 	cs 		lodsb
   617 000012DF 42                  <1> 	inc		dx
   618 000012E0 EE                  <1> 	out 	dx, al
   619                              <1> 
   620                              <1> ; continue GRAPHICS loop
   621 000012E1 FEC1                <1> 	inc 	cl
   622 000012E3 80F909              <1> 	cmp 	cl, 9
   623 000012E6 72EF                <1> 	jb 		graphics_regs_loop
   624                              <1> 
   625                              <1> ; Habilitar escritura al puerto del controlador de atributos
   626 000012E8 BADA03              <1> 	mov 	dx, 0x3DA 			; VGA STATUS ADDR
   627 000012EB EC                  <1> 	in 		al, dx
   628                              <1> ; Inicializar registros del controlador de atributos.
   629 000012EC B100                <1> 	mov 	cl, 0
   630 000012EE BE[5400]            <1> 	mov 	si, attrcon_regs_data
   631                              <1> attrcon_regs_loop:
   632                              <1> ; Apuntar al controlador de atributos.
   633 000012F1 BAC003              <1> 	mov 	dx, 0x3C0 			; VGA_ATTRCON_ADDR
   634 000012F4 88C8                <1> 	mov 	al, cl   			; Escribir número de registro
   635 000012F6 EE                  <1> 	out 	dx, al
   636 000012F7 2EAC                <1> 	cs 		lodsb      			; Leer dato a cargar en el registro.
   637 000012F9 EE                  <1> 	out 	dx, al    			; Cargar dato en el registro.
   638                              <1>  
   639 000012FA FEC1                <1> 	inc 	cl        			; Apuntar al siguiente registro.
   640 000012FC 80F915              <1> 	cmp 	cl, 21    			; Ver si se escribieron todos los registros del ATTRCON.
   641 000012FF 72F0                <1> 	jb 		attrcon_regs_loop 	; Saltar si no es así.
   642                              <1> 
   643 00001301 B020                <1> 	mov 	al, 0x20  			; Reactivar el refresco de pantalla porque la
   644 00001303 EE                  <1> 	out 	dx, al    			; escritura a registros de ATTRCON lo desactiva.
   645                              <1> 
   646 00001304 BACE03              <1> 	mov 	dx, 0x03ce 			; borrar modo par/impar
   647 00001307 B80500              <1> 	mov 	ax, 5
   648 0000130A EF                  <1> 	out 	dx, ax
   649                              <1> 
   650 0000130B B80604              <1> 	mov 	ax, 0x0406 			; Mapear memoria VGA a 0xA0000.
   651 0000130E EF                  <1> 	out 	dx, ax
   652                              <1> 
   653 0000130F BAC403              <1> 	mov 	dx, 0x03c4			; Poner el plano de bits número 2
   654 00001312 B80204              <1> 	mov 	ax, 0x0402
   655 00001315 EF                  <1> 	out 	dx, ax
   656                              <1> 
   657 00001316 B80406              <1> 	mov 	ax, 0x0604  		; Borrar modo par/impar.
   658 00001319 EF                  <1> 	out 	dx, ax
   659                              <1> 
   660 0000131A B800A0              <1> 	mov 	ax, 0xA000  		; Copiar mapa de caracteres.
   661 0000131D 8EC0                <1> 	mov 	es, ax
   662 0000131F BF0000              <1> 	mov 	di, 0x0000
   663 00001322 BE[2901]            <1> 	mov 	si, font16x8
   664 00001325 B90001              <1> 	mov 	cx, 256
   665                              <1> ciclo_copia_fonts:
   666 00001328 2E66A5              <1> 	cs 		movsd         		; Copiar 16 bytes al bitmap.
   667 0000132B 2E66A5              <1> 	cs 		movsd
   668 0000132E 2E66A5              <1> 	cs 		movsd
   669 00001331 2E66A5              <1> 	cs 		movsd
   670 00001334 83C710              <1> 	add 	di, 16       		; Saltear 16 bytes (VGA requiere 32 bytes/carácter)
   671 00001337 E2EF                <1> 	loop 	ciclo_copia_fonts
   672                              <1> 
   673 00001339 B80203              <1> 	mov 	ax, 0x0302   		; Volver a la operación normal.
   674 0000133C EF                  <1> 	out 	dx, ax
   675 0000133D B80402              <1> 	mov 	ax, 0x0204
   676 00001340 EF                  <1> 	out 	dx, ax
   677 00001341 BACE03              <1> 	mov 	dx, 0x03ce
   678 00001344 B80510              <1> 	mov 	ax, 0x1005
   679 00001347 EF                  <1> 	out 	dx, ax
   680 00001348 B8060E              <1> 	mov 	ax, 0x0E06
   681 0000134B EF                  <1> 	out 	dx, ax
    46 0000134C 660F0116[0000]              o32 lgdt [_gdtr]
    47                                  
    48                                      ;Set Protected Mode
    49 00001352 0F01E0                      smsw ax
    50 00001355 83C801                      or   ax, X86_CR0_PE
    51 00001358 0F01F0                      lmsw ax
    52                                      
    53 0000135B 66EA[00000000]-             jmp dword CS_SEL_32:start32_launcher
    53 00001361 [0000]             
    54                                  
    55                                      fault_end:
    56 00001363 F4                              hlt
    57                                  
    58                                  
    59                                  
    60                                  
    61                                  
    62                                  
    63                                  
    64                                  
    65                                  
    66                                  
    67                                  ;
    68                                  ;
    69                                  ;
    70                                  %define PORT_A_8042    0x60
    71                                  %define CTRL_PORT_8042 0x64
    72                                  %define KEYB_DIS       0xAD
    73                                  %define KEYB_EN        0xAE
    74                                  %define READ_OUT_8042  0xD0
    75                                  %define WRITE_OUT_8042 0xD1
    76                                  
    77                                  
    78                                  
    79                                  
    80                                  
    81                                  
    82                                  
    83                                  
    84                                  
    85                                  
    86                                  
    87                                  
