     1                                  section .task02_functions
     2                                  USE32
     3                                  
     4                                  GLOBAL TASK2_LABEL
     5                                  
     6                                  EXTERN sum_all_task2
     7                                  EXTERN Screen_pointer
     8                                  EXTERN Screen_Writing
     9                                  EXTERN Load_Keyboard_table_Itself
    10                                  EXTERN __VIDEO_VMA
    11                                  
    12                                  DATA_TABLE_SIZE EQU 10
    13                                  VIDEO_BUFFER_ADDR EQU 0x00E80000
    14                                  
    15                                  TASK2_LABEL:
    16                                    
    17                                  
    18                                      ;; SIMD ADD ! .-.-.-.-.
    19 00000000 31C9                        xor ecx, ecx
    20 00000002 BE[00000000]                mov esi, Load_Keyboard_table_Itself          ;Data Source        
    21 00000007 BF[00000000]                mov edi, Keyboard_Buffer_TotalSum_Task2      ;Total Sum           
    22 0000000C BB0A000000                  mov ebx, DATA_TABLE_SIZE
    23 00000011 0FEFC0                      pxor mm0, mm0
    24                                  ADD_T2:
    25 00000014 0FDD06                      paddusw qword mm0, [esi]
    25          ******************       warning: register size specification ignored
    26 00000017 83C608                      add esi, 8                          
    27 0000001A 41                          inc ecx
    28 0000001B 39D9                        cmp ecx, ebx
    29 0000001D 75F5                        jne ADD_T2
    30 0000001F 0F7F07                      movq qword [edi], mm0                ;Store value
    31                                      ;; END SIMD ADD .-.-.-.-.
    32                                      
    33                                      
    34 00000022 55                          push    ebp
    35 00000023 89E5                        mov     ebp, esp
    36 00000025 6A40                        push 64 ;Column
    37 00000027 6A01                        push 1  ;Row   
    38 00000029 68[00000000]                push dword Keyboard_Buffer_TotalSum_Task2     
    39 0000002E 68[00000000]                push dword __VIDEO_VMA;:VIDEO_BUFFER_ADDR;[Screen_pointer]
    40 00000033 E8(00000000)                call Screen_Writing
    41 00000038 C9                          leave    
    42 00000039 F4                          hlt
    43 0000003A EBC4                        jmp TASK2_LABEL
    44                                  
    45                                  
    46                                  
    47                                  
    48                                  
    49                                  section .data_02
    50 00000000 0000000000000000        Keyboard_Buffer_TotalSum_Task2 dq 0   
    51                                  
