     1                                  ; https://es.wikipedia.org/wiki/Intel_8259#ICWS_(Initialization_Command_Words)
     2                                  ; First time using OUT cmd which puts the content of the second operand to the specified port
     3                                  
     4                                  
     5                                  ;+++++++++++++++++++++++++++++++++++++++++++++++++++++++++++++++++++++++++++++
     6                                  ;++++++++++++++++++++++ PIC 8259 (MASTER AND SLAVE) ++++++++++++++++++++++++++
     7                                  ;+++++++++++++++++++++++++++++++++++++++++++++++++++++++++++++++++++++++++++++
     8                                  
     9                                  %define MASTER_PIC_8259_CMD_PORT   0x20
    10                                  %define MASTER_PIC_8259_DATA_PORT  0x21
    11                                  
    12                                  %define SLAVE_PIC_8259_CMD_PORT    0xA0
    13                                  %define SLAVE_PIC_8259_DATA_PORT   0xA1
    14                                  
    15                                  %define PIC_8259_EOI               0x20
    16                                  
    17                                  GLOBAL init_pic
    18                                  
    19                                  SECTION .init_pic
    20                                  
    21                                  USE32
    22                                  
    23                                  init_pic:
    24                                  
    25                                     ;  |7|6|5|4|3|2|1|0|  ICW1 => CMD PORT MASTER (0X20)
    26                                  	 ;   | | | | | | | `---- 1=ICW4 is needed, 0=no ICW4 needed
    27                                  	 ;   | | | | | | `----- 1=single 8259, 0=cascading 8259's
    28                                  	 ;   | | | | | `------ 1=4 byte interrupt vectors, 0=8 byte int vectors
    29                                  	 ;   | | | | `------- 1=level triggered mode, 0=edge triggered mode
    30                                  	 ;   | | | `-------- must be 1 for ICW1 (port must also be 20h or A0h)
    31                                  	 ;   `------------- must be zero for PC systems
    32 00000000 B011                       mov al, 0x11   ; 00010001 => IRQs activas por flanco de subida, cascadeados, e ICW4
    33 00000002 E620                       out MASTER_PIC_8259_CMD_PORT, al
    34                                  
    35                                  	;   |7|6|5|4|3|2|1|0|  ICW2  => DATA PORT MASTER (0x21) Interrupt priority set
    36                                  	;    | | | | | `-------- 000= on 80x86 systems
    37                                  	;    `----------------- A7-A3 of 80x86 interrupt vector
    38 00000004 B020                       mov al, 0x20   ; 00100000  =>  El PIC 1 arranca en INT tipo 'base_1' (A5)
    39 00000006 E621                       out MASTER_PIC_8259_DATA_PORT, al
    40                                  
    41                                     ;  |7|6|5|4|3|2|1|0|  ICW3 for Master Device  => DATA PORT MASTER (0x21) What and how PIC are connected each other
    42                                  	 ;   | | | | | | | `---- 1=interrupt request 0 has slave, 0=no slave
    43                                  	 ;   | | | | | | `----- 1=interrupt request 1 has slave, 0=no slave
    44                                  	 ;   | | | | | `------ 1=interrupt request 2 has slave, 0=no slave
    45                                  	 ;   | | | | `------- 1=interrupt request 3 has slave, 0=no slave
    46                                  	 ;   | | | `-------- 1=interrupt request 4 has slave, 0=no slave
    47                                  	 ;   | | `--------- 1=interrupt request 5 has slave, 0=no slave
    48                                  	 ;   | `---------- 1=interrupt request 6 has slave, 0=no slave
    49                                  	 ;   `----------- 1=interrupt request 7 has slave, 0=no slave
    50 00000008 B004                       mov al, 0x04    ; 01000000  =>  PIC 1 Master, PIC 2 Slave conectado a IRQ2 
    51 0000000A E621                       out MASTER_PIC_8259_DATA_PORT, al
    52                                  
    53                                     ;  |7|6|5|4|3|2|1|0|  ICW4  => DATA PORT MASTER (0x21)
    54                                  	 ;   | | | | | | | `---- 1 for 80x86 mode, 0 = MCS 80/85 mode                   Bits 32 (Buffering Mode)
    55                                  	 ;   | | | | | | `----- 1 = auto EOI, 0=normal EOI                               00	 not buffered
    56                                  	 ;   | | | | `-------- slave/master buffered mode (see below)                    01	 not buffered
    57                                  	 ;   | | | `--------- 1 = special fully nested mode (SFNM), 0=sequential         10	 buffered mode slave (PC mode)
    58                                  	 ;   `-------------- unused (set to zero)                                        11	 buffered mode master (PC mode)
    59 0000000C B001                       mov al, 0x01   ; 00000001  =>  Modo 8086
    60 0000000E E621                       out MASTER_PIC_8259_DATA_PORT, al
    61                                  
    62                                     ;  |7|6|5|4|3|2|1|0|  OCW1 - IMR Interrupt Mask Register  => DATA PORT MASTER (0x21)
    63                                  	 ;   | | | | | | | `---- 0 = service IRQ0, 1 = mask off
    64                                  	 ;   | | | | | | `----- 0 = service IRQ1, 1 = mask off
    65                                  	 ;   | | | | | `------ 0 = service IRQ2, 1 = mask off
    66                                  	 ;   | | | | `------- 0 = service IRQ3, 1 = mask off
    67                                  	 ;   | | | `-------- 0 = service IRQ4, 1 = mask off
    68                                  	 ;   | | `--------- 0 = service IRQ5, 1 = mask off
    69                                  	 ;   | `---------- 0 = service IRQ6, 1 = mask off
    70                                  	 ;   `----------- 0 = service IRQ7, 1 = mask off
    71 00000010 B0F8                       mov al, 11111000b ; 11111000 => Habilito IR0, IR1
    72 00000012 E621                       out MASTER_PIC_8259_DATA_PORT, al
    73                                  
    74                                     ; ICW1 => CMD PORT SLAVE (0XA0)
    75 00000014 B011                       mov al, 0x11   ; 00010001 => IRQs activas por flanco de subida, cascadeados, e ICW4
    76 00000016 E6A0                       out SLAVE_PIC_8259_CMD_PORT, al
    77                                  
    78                                     ; ICW 2  => DATA PORT SLAVE (0xA1)
    79 00000018 B028                       mov al, 0x28   ; 00101000  =>  El PIC 2 arranca en INT tipo 'base_2' (A5 y A3)
    80 0000001A E6A1                       out SLAVE_PIC_8259_DATA_PORT, al
    81                                  
    82                                     ;  |7|6|5|4|3|2|1|0|  ICW3 for Slave Device  => DATA PORT SLAVE (0xA1)
    83                                  	 ;   | | | | | `-------- master interrupt request slave is attached to
    84                                  	 ;   `----------------- must be zero
    85 0000001C B002                       mov al, 0x02   ; 00000010  =>  PIC 2 Slave, Ingresa Int por IRQ2
    86 0000001E E6A1                       out SLAVE_PIC_8259_DATA_PORT, al
    87                                  
    88                                     ; ICW 4  => DATA PORT SLAVE (0xA1)
    89 00000020 B001                       mov al, 0x01  ; 00000001 =>  Modo 8086
    90 00000022 E6A1                       out SLAVE_PIC_8259_DATA_PORT, al
    91                                  
    92                                     ;  OCW1 - IMR Interrupt Mask Register  => DATA PORT SLAVE (0xA1)
    93 00000024 B0FF                       mov al, 0xFF   ; 11111111  => Deshabilito todas las interrupciones por hardware
    94 00000026 E6A1                       out SLAVE_PIC_8259_DATA_PORT, al
    95                                  
    96                                  
    97                                  
    98 00000028 C3                         ret
