     1                                  EXTERN  EXCEPTION_DUMMY
     2                                  GLOBAL  CS_SEL_16
     3                                  GLOBAL  CS_SEL_32
     4                                  GLOBAL  DS_SEL
     5                                  GLOBAL  _gdtr
     6                                  GLOBAL _idtr
     7                                  GLOBAL _gdtr_fault
     8                                  
     9                                  SECTION .sys_tables_progbits
    10                                  
    11                                  %define BOOT_SEG 0xF0000
    12                                  EXTERN  EXCEPTION_DUMMY
    13                                  EXTERN __SYS_TABLES_LMA
    14                                  GLOBAL  CS_SEL_16
    15                                  GLOBAL  CS_SEL_32
    16                                  GLOBAL  DS_SEL
    17                                  GLOBAL  _gdtr
    18                                  
    19                                  SECTION .sys_tables_progbits
    20                                  
    21                                  %define BOOT_SEG 0xF0000
    22                                  
    23                                  
    24                                  
    25                                  GDT:
    26                                  NULL_SEL    equ $-GDT
    27 00000000 0000000000000000            dq 0x0
    28                                  CS_SEL_16   equ $-GDT
    29 00000008 FFFF                        dw 0xFFFF           ;Limit 15-0
    30 0000000A 0000                        dw 0x0000         ;Base 15-0
    31 0000000C FF                          db 0xFF         ;Base 23-16
    32 0000000D 99                          db 10011001b         ;Attributes:
    33                                                  ;P
    34                                                  ;DPL
    35                                                  ;S
    36                                                  ;D/C
    37                                                  ;ED/C
    38                                                  ;R/w
    39                                                  ;A
    40 0000000E 40                          db 01000000b         ;Limit
    41                                                  ;G
    42                                                  ;D/B
    43                                                  ;L
    44                                                  ;AVL
    45 0000000F FF                          db 0xFF         ;Base
    46                                  CS_SEL_32   equ $-GDT
    47 00000010 FFFF                        dw 0xFFFF         ;Limit 15-0
    48 00000012 0000                        dw 0x0000         ;Base 15-0
    49 00000014 00                          db 0x00         ;Base 23-16
    50 00000015 99                          db 10011001b         ;Attributes:
    51                                                  ;P
    52                                                  ;DPL
    53                                                  ;S
    54                                                  ;D/C
    55                                                  ;ED/C
    56                                                  ;R/w
    57                                                  ;A
    58 00000016 CF                          db 11001111b         ;Limit
    59                                                  ;G
    60                                                  ;D/B
    61                                                  ;L
    62                                                  ;AVL
    63 00000017 00                          db 0x00         ;Base
    64                                  DS_SEL   equ $-GDT
    65 00000018 FFFF                        dw 0xFFFF         ;Limit 15-0
    66 0000001A 0000                        dw 0x0000         ;Base 15-0
    67 0000001C 00                          db 0x00         ;Base 23-16
    68 0000001D 92                          db 10010010b         ;Attributes:
    69                                                  ;P
    70                                                  ;DPL
    71                                                  ;S
    72                                                  ;D/C
    73                                                  ;ED/C
    74                                                  ;R/w
    75                                                  ;A
    76 0000001E CF                          db 11001111b         ;Limit
    77                                                  ;G
    78                                                  ;D/B
    79                                                  ;L
    80                                                  ;AVL
    81 0000001F 00                          db 0x00         ;Base
    82                                  GDT_LENGTH EQU $-GDT
    83                                  
    84                                  
    85                                  _gdtr:
    86 00000020 1F00                        dw GDT_LENGTH-1
    87 00000022 [00000000]                  dd __SYS_TABLES_LMA
    88                                  
    89                                  
    90                                  
